[2021-12-02 13:48:20,821] {processor.py:163} INFO - Started process (PID=5916) to work on /opt/airflow/dags/spoor.py
[2021-12-02 13:48:20,823] {processor.py:625} INFO - Processing file /opt/airflow/dags/spoor.py for tasks to queue
[2021-12-02 13:48:20,823] {logging_mixin.py:109} INFO - [2021-12-02 13:48:20,823] {dagbag.py:500} INFO - Filling up the DagBag from /opt/airflow/dags/spoor.py
[2021-12-02 13:48:21,437] {logging_mixin.py:109} INFO - [2021-12-02 13:48:21,435] {dagbag.py:334} ERROR - Failed to import: /opt/airflow/dags/spoor.py
Traceback (most recent call last):
  File "/home/airflow/.local/lib/python3.7/site-packages/airflow/models/dagbag.py", line 331, in _load_modules_from_file
    loader.exec_module(new_module)
  File "<frozen importlib._bootstrap_external>", line 728, in exec_module
  File "<frozen importlib._bootstrap>", line 219, in _call_with_frames_removed
  File "/opt/airflow/dags/spoor.py", line 4, in <module>
    from process_algorithm import SpoorOperator
  File "/opt/airflow/plugins/process_algorithm.py", line 5, in <module>
    from controller.model import Model
  File "/opt/airflow/plugins/controller/model.py", line 3, in <module>
    import torch
ModuleNotFoundError: No module named 'torch'
[2021-12-02 13:48:21,457] {processor.py:639} WARNING - No viable dags retrieved from /opt/airflow/dags/spoor.py
[2021-12-02 13:48:21,474] {processor.py:171} INFO - Processing /opt/airflow/dags/spoor.py took 0.658 seconds
[2021-12-02 13:48:51,553] {processor.py:163} INFO - Started process (PID=5950) to work on /opt/airflow/dags/spoor.py
[2021-12-02 13:48:51,554] {processor.py:625} INFO - Processing file /opt/airflow/dags/spoor.py for tasks to queue
[2021-12-02 13:48:51,555] {logging_mixin.py:109} INFO - [2021-12-02 13:48:51,554] {dagbag.py:500} INFO - Filling up the DagBag from /opt/airflow/dags/spoor.py
[2021-12-02 13:48:52,060] {logging_mixin.py:109} INFO - [2021-12-02 13:48:52,059] {dagbag.py:334} ERROR - Failed to import: /opt/airflow/dags/spoor.py
Traceback (most recent call last):
  File "/home/airflow/.local/lib/python3.7/site-packages/airflow/models/dagbag.py", line 331, in _load_modules_from_file
    loader.exec_module(new_module)
  File "<frozen importlib._bootstrap_external>", line 728, in exec_module
  File "<frozen importlib._bootstrap>", line 219, in _call_with_frames_removed
  File "/opt/airflow/dags/spoor.py", line 4, in <module>
    from process_algorithm import SpoorOperator
  File "/opt/airflow/plugins/process_algorithm.py", line 5, in <module>
    from controller.model import Model
  File "/opt/airflow/plugins/controller/model.py", line 3, in <module>
    import torch
ModuleNotFoundError: No module named 'torch'
[2021-12-02 13:48:52,087] {processor.py:639} WARNING - No viable dags retrieved from /opt/airflow/dags/spoor.py
[2021-12-02 13:48:52,105] {processor.py:171} INFO - Processing /opt/airflow/dags/spoor.py took 0.556 seconds
[2021-12-02 13:49:22,178] {processor.py:163} INFO - Started process (PID=5974) to work on /opt/airflow/dags/spoor.py
[2021-12-02 13:49:22,185] {processor.py:625} INFO - Processing file /opt/airflow/dags/spoor.py for tasks to queue
[2021-12-02 13:49:22,186] {logging_mixin.py:109} INFO - [2021-12-02 13:49:22,186] {dagbag.py:500} INFO - Filling up the DagBag from /opt/airflow/dags/spoor.py
[2021-12-02 13:49:23,107] {logging_mixin.py:109} INFO - [2021-12-02 13:49:23,106] {dagbag.py:334} ERROR - Failed to import: /opt/airflow/dags/spoor.py
Traceback (most recent call last):
  File "/home/airflow/.local/lib/python3.7/site-packages/airflow/models/dagbag.py", line 331, in _load_modules_from_file
    loader.exec_module(new_module)
  File "<frozen importlib._bootstrap_external>", line 728, in exec_module
  File "<frozen importlib._bootstrap>", line 219, in _call_with_frames_removed
  File "/opt/airflow/dags/spoor.py", line 4, in <module>
    from process_algorithm import SpoorOperator
  File "/opt/airflow/plugins/process_algorithm.py", line 5, in <module>
    from controller.model import Model
  File "/opt/airflow/plugins/controller/model.py", line 3, in <module>
    import torch
ModuleNotFoundError: No module named 'torch'
[2021-12-02 13:49:23,121] {processor.py:639} WARNING - No viable dags retrieved from /opt/airflow/dags/spoor.py
[2021-12-02 13:49:23,139] {processor.py:171} INFO - Processing /opt/airflow/dags/spoor.py took 0.964 seconds
[2021-12-02 13:49:53,207] {processor.py:163} INFO - Started process (PID=5997) to work on /opt/airflow/dags/spoor.py
[2021-12-02 13:49:53,212] {processor.py:625} INFO - Processing file /opt/airflow/dags/spoor.py for tasks to queue
[2021-12-02 13:49:53,213] {logging_mixin.py:109} INFO - [2021-12-02 13:49:53,212] {dagbag.py:500} INFO - Filling up the DagBag from /opt/airflow/dags/spoor.py
[2021-12-02 13:49:53,686] {logging_mixin.py:109} INFO - [2021-12-02 13:49:53,685] {dagbag.py:334} ERROR - Failed to import: /opt/airflow/dags/spoor.py
Traceback (most recent call last):
  File "/home/airflow/.local/lib/python3.7/site-packages/airflow/models/dagbag.py", line 331, in _load_modules_from_file
    loader.exec_module(new_module)
  File "<frozen importlib._bootstrap_external>", line 728, in exec_module
  File "<frozen importlib._bootstrap>", line 219, in _call_with_frames_removed
  File "/opt/airflow/dags/spoor.py", line 4, in <module>
    from process_algorithm import SpoorOperator
  File "/opt/airflow/plugins/process_algorithm.py", line 5, in <module>
    from controller.model import Model
  File "/opt/airflow/plugins/controller/model.py", line 3, in <module>
    import torch
ModuleNotFoundError: No module named 'torch'
[2021-12-02 13:49:53,698] {processor.py:639} WARNING - No viable dags retrieved from /opt/airflow/dags/spoor.py
[2021-12-02 13:49:53,713] {processor.py:171} INFO - Processing /opt/airflow/dags/spoor.py took 0.508 seconds
[2021-12-02 13:50:23,785] {processor.py:163} INFO - Started process (PID=6030) to work on /opt/airflow/dags/spoor.py
[2021-12-02 13:50:23,787] {processor.py:625} INFO - Processing file /opt/airflow/dags/spoor.py for tasks to queue
[2021-12-02 13:50:23,788] {logging_mixin.py:109} INFO - [2021-12-02 13:50:23,788] {dagbag.py:500} INFO - Filling up the DagBag from /opt/airflow/dags/spoor.py
[2021-12-02 13:50:24,394] {logging_mixin.py:109} INFO - [2021-12-02 13:50:24,393] {dagbag.py:334} ERROR - Failed to import: /opt/airflow/dags/spoor.py
Traceback (most recent call last):
  File "/home/airflow/.local/lib/python3.7/site-packages/airflow/models/dagbag.py", line 331, in _load_modules_from_file
    loader.exec_module(new_module)
  File "<frozen importlib._bootstrap_external>", line 728, in exec_module
  File "<frozen importlib._bootstrap>", line 219, in _call_with_frames_removed
  File "/opt/airflow/dags/spoor.py", line 4, in <module>
    from process_algorithm import SpoorOperator
  File "/opt/airflow/plugins/process_algorithm.py", line 5, in <module>
    from controller.model import Model
  File "/opt/airflow/plugins/controller/model.py", line 3, in <module>
    import torch
ModuleNotFoundError: No module named 'torch'
[2021-12-02 13:50:24,406] {processor.py:639} WARNING - No viable dags retrieved from /opt/airflow/dags/spoor.py
[2021-12-02 13:50:24,421] {processor.py:171} INFO - Processing /opt/airflow/dags/spoor.py took 0.643 seconds
[2021-12-02 13:50:54,502] {processor.py:163} INFO - Started process (PID=6053) to work on /opt/airflow/dags/spoor.py
[2021-12-02 13:50:54,514] {processor.py:625} INFO - Processing file /opt/airflow/dags/spoor.py for tasks to queue
[2021-12-02 13:50:54,516] {logging_mixin.py:109} INFO - [2021-12-02 13:50:54,515] {dagbag.py:500} INFO - Filling up the DagBag from /opt/airflow/dags/spoor.py
[2021-12-02 13:50:55,259] {logging_mixin.py:109} INFO - [2021-12-02 13:50:55,257] {dagbag.py:334} ERROR - Failed to import: /opt/airflow/dags/spoor.py
Traceback (most recent call last):
  File "/home/airflow/.local/lib/python3.7/site-packages/airflow/models/dagbag.py", line 331, in _load_modules_from_file
    loader.exec_module(new_module)
  File "<frozen importlib._bootstrap_external>", line 728, in exec_module
  File "<frozen importlib._bootstrap>", line 219, in _call_with_frames_removed
  File "/opt/airflow/dags/spoor.py", line 4, in <module>
    from process_algorithm import SpoorOperator
  File "/opt/airflow/plugins/process_algorithm.py", line 5, in <module>
    from controller.model import Model
  File "/opt/airflow/plugins/controller/model.py", line 3, in <module>
    import torch
ModuleNotFoundError: No module named 'torch'
[2021-12-02 13:50:55,300] {processor.py:639} WARNING - No viable dags retrieved from /opt/airflow/dags/spoor.py
[2021-12-02 13:50:55,336] {processor.py:171} INFO - Processing /opt/airflow/dags/spoor.py took 0.846 seconds
