[2021-11-29 22:08:39,671] {processor.py:163} INFO - Started process (PID=77) to work on /home/airflow/.local/lib/python3.7/site-packages/airflow/example_dags/example_trigger_controller_dag.py
[2021-11-29 22:08:39,672] {processor.py:625} INFO - Processing file /home/airflow/.local/lib/python3.7/site-packages/airflow/example_dags/example_trigger_controller_dag.py for tasks to queue
[2021-11-29 22:08:39,672] {logging_mixin.py:109} INFO - [2021-11-29 22:08:39,672] {dagbag.py:500} INFO - Filling up the DagBag from /home/airflow/.local/lib/python3.7/site-packages/airflow/example_dags/example_trigger_controller_dag.py
[2021-11-29 22:08:39,735] {processor.py:637} INFO - DAG(s) dict_keys(['example_trigger_controller_dag']) retrieved from /home/airflow/.local/lib/python3.7/site-packages/airflow/example_dags/example_trigger_controller_dag.py
[2021-11-29 22:08:42,762] {logging_mixin.py:109} INFO - [2021-11-29 22:08:42,761] {providers_manager.py:156} WARNING - Exception when importing 'airflow.providers.google.leveldb.hooks.leveldb.LevelDBHook' from 'apache-airflow-providers-google' package: No module named 'plyvel'
[2021-11-29 22:08:43,931] {logging_mixin.py:109} INFO - [2021-11-29 22:08:43,930] {providers_manager.py:156} WARNING - Exception when importing 'airflow.providers.google.leveldb.hooks.leveldb.LevelDBHook' from 'apache-airflow-providers-google' package: No module named 'plyvel'
[2021-11-29 22:08:44,065] {logging_mixin.py:109} INFO - [2021-11-29 22:08:44,065] {manager.py:496} INFO - Created Permission View: can edit on DAG:example_trigger_controller_dag
[2021-11-29 22:08:44,085] {logging_mixin.py:109} INFO - [2021-11-29 22:08:44,085] {manager.py:496} INFO - Created Permission View: can read on DAG:example_trigger_controller_dag
[2021-11-29 22:08:44,088] {logging_mixin.py:109} INFO - [2021-11-29 22:08:44,087] {dag.py:2396} INFO - Sync 1 DAGs
[2021-11-29 22:08:44,099] {logging_mixin.py:109} INFO - [2021-11-29 22:08:44,098] {dag.py:2415} INFO - Creating ORM DAG for example_trigger_controller_dag
[2021-11-29 22:08:44,120] {logging_mixin.py:109} INFO - [2021-11-29 22:08:44,120] {dag.py:2928} INFO - Setting next_dagrun for example_trigger_controller_dag to 2021-01-01T00:00:00+00:00
[2021-11-29 22:08:44,204] {processor.py:171} INFO - Processing /home/airflow/.local/lib/python3.7/site-packages/airflow/example_dags/example_trigger_controller_dag.py took 4.538 seconds
[2021-11-29 22:09:21,914] {processor.py:163} INFO - Started process (PID=244) to work on /home/airflow/.local/lib/python3.7/site-packages/airflow/example_dags/example_trigger_controller_dag.py
[2021-11-29 22:09:21,927] {processor.py:625} INFO - Processing file /home/airflow/.local/lib/python3.7/site-packages/airflow/example_dags/example_trigger_controller_dag.py for tasks to queue
[2021-11-29 22:09:21,931] {logging_mixin.py:109} INFO - [2021-11-29 22:09:21,931] {dagbag.py:500} INFO - Filling up the DagBag from /home/airflow/.local/lib/python3.7/site-packages/airflow/example_dags/example_trigger_controller_dag.py
[2021-11-29 22:09:21,964] {processor.py:637} INFO - DAG(s) dict_keys(['example_trigger_controller_dag']) retrieved from /home/airflow/.local/lib/python3.7/site-packages/airflow/example_dags/example_trigger_controller_dag.py
[2021-11-29 22:09:21,986] {logging_mixin.py:109} INFO - [2021-11-29 22:09:21,986] {dag.py:2396} INFO - Sync 1 DAGs
[2021-11-29 22:09:22,007] {logging_mixin.py:109} INFO - [2021-11-29 22:09:22,007] {dag.py:2928} INFO - Setting next_dagrun for example_trigger_controller_dag to 2021-01-01T00:00:00+00:00
[2021-11-29 22:09:22,029] {processor.py:171} INFO - Processing /home/airflow/.local/lib/python3.7/site-packages/airflow/example_dags/example_trigger_controller_dag.py took 0.126 seconds
[2021-11-29 22:09:52,440] {processor.py:163} INFO - Started process (PID=296) to work on /home/airflow/.local/lib/python3.7/site-packages/airflow/example_dags/example_trigger_controller_dag.py
[2021-11-29 22:09:52,441] {processor.py:625} INFO - Processing file /home/airflow/.local/lib/python3.7/site-packages/airflow/example_dags/example_trigger_controller_dag.py for tasks to queue
[2021-11-29 22:09:52,442] {logging_mixin.py:109} INFO - [2021-11-29 22:09:52,441] {dagbag.py:500} INFO - Filling up the DagBag from /home/airflow/.local/lib/python3.7/site-packages/airflow/example_dags/example_trigger_controller_dag.py
[2021-11-29 22:09:52,477] {processor.py:637} INFO - DAG(s) dict_keys(['example_trigger_controller_dag']) retrieved from /home/airflow/.local/lib/python3.7/site-packages/airflow/example_dags/example_trigger_controller_dag.py
[2021-11-29 22:09:52,488] {logging_mixin.py:109} INFO - [2021-11-29 22:09:52,488] {dag.py:2396} INFO - Sync 1 DAGs
[2021-11-29 22:09:52,505] {logging_mixin.py:109} INFO - [2021-11-29 22:09:52,505] {dag.py:2928} INFO - Setting next_dagrun for example_trigger_controller_dag to 2021-01-01T00:00:00+00:00
[2021-11-29 22:09:52,534] {processor.py:171} INFO - Processing /home/airflow/.local/lib/python3.7/site-packages/airflow/example_dags/example_trigger_controller_dag.py took 0.099 seconds
[2021-11-29 22:10:22,918] {processor.py:163} INFO - Started process (PID=347) to work on /home/airflow/.local/lib/python3.7/site-packages/airflow/example_dags/example_trigger_controller_dag.py
[2021-11-29 22:10:22,930] {processor.py:625} INFO - Processing file /home/airflow/.local/lib/python3.7/site-packages/airflow/example_dags/example_trigger_controller_dag.py for tasks to queue
[2021-11-29 22:10:22,931] {logging_mixin.py:109} INFO - [2021-11-29 22:10:22,931] {dagbag.py:500} INFO - Filling up the DagBag from /home/airflow/.local/lib/python3.7/site-packages/airflow/example_dags/example_trigger_controller_dag.py
[2021-11-29 22:10:22,968] {processor.py:637} INFO - DAG(s) dict_keys(['example_trigger_controller_dag']) retrieved from /home/airflow/.local/lib/python3.7/site-packages/airflow/example_dags/example_trigger_controller_dag.py
[2021-11-29 22:10:22,977] {logging_mixin.py:109} INFO - [2021-11-29 22:10:22,977] {dag.py:2396} INFO - Sync 1 DAGs
[2021-11-29 22:10:22,993] {logging_mixin.py:109} INFO - [2021-11-29 22:10:22,993] {dag.py:2928} INFO - Setting next_dagrun for example_trigger_controller_dag to 2021-01-01T00:00:00+00:00
[2021-11-29 22:10:23,008] {processor.py:171} INFO - Processing /home/airflow/.local/lib/python3.7/site-packages/airflow/example_dags/example_trigger_controller_dag.py took 0.093 seconds
