[2021-11-29 22:09:08,992] {processor.py:163} INFO - Started process (PID=186) to work on /home/airflow/.local/lib/python3.7/site-packages/airflow/example_dags/example_latest_only_with_trigger.py
[2021-11-29 22:09:08,993] {processor.py:625} INFO - Processing file /home/airflow/.local/lib/python3.7/site-packages/airflow/example_dags/example_latest_only_with_trigger.py for tasks to queue
[2021-11-29 22:09:08,993] {logging_mixin.py:109} INFO - [2021-11-29 22:09:08,993] {dagbag.py:500} INFO - Filling up the DagBag from /home/airflow/.local/lib/python3.7/site-packages/airflow/example_dags/example_latest_only_with_trigger.py
[2021-11-29 22:09:09,017] {processor.py:637} INFO - DAG(s) dict_keys(['latest_only_with_trigger']) retrieved from /home/airflow/.local/lib/python3.7/site-packages/airflow/example_dags/example_latest_only_with_trigger.py
[2021-11-29 22:09:10,349] {logging_mixin.py:109} INFO - [2021-11-29 22:09:10,349] {providers_manager.py:156} WARNING - Exception when importing 'airflow.providers.google.leveldb.hooks.leveldb.LevelDBHook' from 'apache-airflow-providers-google' package: No module named 'plyvel'
[2021-11-29 22:09:10,775] {logging_mixin.py:109} INFO - [2021-11-29 22:09:10,775] {providers_manager.py:156} WARNING - Exception when importing 'airflow.providers.google.leveldb.hooks.leveldb.LevelDBHook' from 'apache-airflow-providers-google' package: No module named 'plyvel'
[2021-11-29 22:09:10,817] {logging_mixin.py:109} INFO - [2021-11-29 22:09:10,817] {manager.py:496} INFO - Created Permission View: can edit on DAG:latest_only_with_trigger
[2021-11-29 22:09:10,839] {logging_mixin.py:109} INFO - [2021-11-29 22:09:10,839] {manager.py:496} INFO - Created Permission View: can read on DAG:latest_only_with_trigger
[2021-11-29 22:09:10,840] {logging_mixin.py:109} INFO - [2021-11-29 22:09:10,839] {dag.py:2396} INFO - Sync 1 DAGs
[2021-11-29 22:09:10,848] {logging_mixin.py:109} INFO - [2021-11-29 22:09:10,848] {dag.py:2415} INFO - Creating ORM DAG for latest_only_with_trigger
[2021-11-29 22:09:10,859] {logging_mixin.py:109} INFO - [2021-11-29 22:09:10,859] {dag.py:2928} INFO - Setting next_dagrun for latest_only_with_trigger to 2021-11-29T18:09:10.859332+00:00
[2021-11-29 22:09:10,885] {processor.py:171} INFO - Processing /home/airflow/.local/lib/python3.7/site-packages/airflow/example_dags/example_latest_only_with_trigger.py took 1.896 seconds
[2021-11-29 22:09:41,571] {processor.py:163} INFO - Started process (PID=274) to work on /home/airflow/.local/lib/python3.7/site-packages/airflow/example_dags/example_latest_only_with_trigger.py
[2021-11-29 22:09:41,572] {processor.py:625} INFO - Processing file /home/airflow/.local/lib/python3.7/site-packages/airflow/example_dags/example_latest_only_with_trigger.py for tasks to queue
[2021-11-29 22:09:41,573] {logging_mixin.py:109} INFO - [2021-11-29 22:09:41,573] {dagbag.py:500} INFO - Filling up the DagBag from /home/airflow/.local/lib/python3.7/site-packages/airflow/example_dags/example_latest_only_with_trigger.py
[2021-11-29 22:09:41,605] {processor.py:637} INFO - DAG(s) dict_keys(['latest_only_with_trigger']) retrieved from /home/airflow/.local/lib/python3.7/site-packages/airflow/example_dags/example_latest_only_with_trigger.py
[2021-11-29 22:09:41,615] {logging_mixin.py:109} INFO - [2021-11-29 22:09:41,615] {dag.py:2396} INFO - Sync 1 DAGs
[2021-11-29 22:09:41,634] {logging_mixin.py:109} INFO - [2021-11-29 22:09:41,634] {dag.py:2928} INFO - Setting next_dagrun for latest_only_with_trigger to 2021-11-29T18:09:41.634367+00:00
[2021-11-29 22:09:41,662] {processor.py:171} INFO - Processing /home/airflow/.local/lib/python3.7/site-packages/airflow/example_dags/example_latest_only_with_trigger.py took 0.094 seconds
[2021-11-29 22:10:12,115] {processor.py:163} INFO - Started process (PID=325) to work on /home/airflow/.local/lib/python3.7/site-packages/airflow/example_dags/example_latest_only_with_trigger.py
[2021-11-29 22:10:12,116] {processor.py:625} INFO - Processing file /home/airflow/.local/lib/python3.7/site-packages/airflow/example_dags/example_latest_only_with_trigger.py for tasks to queue
[2021-11-29 22:10:12,116] {logging_mixin.py:109} INFO - [2021-11-29 22:10:12,116] {dagbag.py:500} INFO - Filling up the DagBag from /home/airflow/.local/lib/python3.7/site-packages/airflow/example_dags/example_latest_only_with_trigger.py
[2021-11-29 22:10:12,150] {processor.py:637} INFO - DAG(s) dict_keys(['latest_only_with_trigger']) retrieved from /home/airflow/.local/lib/python3.7/site-packages/airflow/example_dags/example_latest_only_with_trigger.py
[2021-11-29 22:10:12,162] {logging_mixin.py:109} INFO - [2021-11-29 22:10:12,162] {dag.py:2396} INFO - Sync 1 DAGs
[2021-11-29 22:10:12,183] {logging_mixin.py:109} INFO - [2021-11-29 22:10:12,182] {dag.py:2928} INFO - Setting next_dagrun for latest_only_with_trigger to 2021-11-29T18:10:12.182647+00:00
[2021-11-29 22:10:12,199] {processor.py:171} INFO - Processing /home/airflow/.local/lib/python3.7/site-packages/airflow/example_dags/example_latest_only_with_trigger.py took 0.089 seconds
