[2021-11-29 22:08:54,421] {processor.py:163} INFO - Started process (PID=116) to work on /home/airflow/.local/lib/python3.7/site-packages/airflow/example_dags/example_xcomargs.py
[2021-11-29 22:08:54,422] {processor.py:625} INFO - Processing file /home/airflow/.local/lib/python3.7/site-packages/airflow/example_dags/example_xcomargs.py for tasks to queue
[2021-11-29 22:08:54,422] {logging_mixin.py:109} INFO - [2021-11-29 22:08:54,422] {dagbag.py:500} INFO - Filling up the DagBag from /home/airflow/.local/lib/python3.7/site-packages/airflow/example_dags/example_xcomargs.py
[2021-11-29 22:08:54,451] {processor.py:637} INFO - DAG(s) dict_keys(['example_xcom_args', 'example_xcom_args_with_operators']) retrieved from /home/airflow/.local/lib/python3.7/site-packages/airflow/example_dags/example_xcomargs.py
[2021-11-29 22:08:55,851] {logging_mixin.py:109} INFO - [2021-11-29 22:08:55,851] {providers_manager.py:156} WARNING - Exception when importing 'airflow.providers.google.leveldb.hooks.leveldb.LevelDBHook' from 'apache-airflow-providers-google' package: No module named 'plyvel'
[2021-11-29 22:08:56,187] {logging_mixin.py:109} INFO - [2021-11-29 22:08:56,186] {providers_manager.py:156} WARNING - Exception when importing 'airflow.providers.google.leveldb.hooks.leveldb.LevelDBHook' from 'apache-airflow-providers-google' package: No module named 'plyvel'
[2021-11-29 22:08:56,224] {logging_mixin.py:109} INFO - [2021-11-29 22:08:56,224] {manager.py:496} INFO - Created Permission View: can edit on DAG:example_xcom_args
[2021-11-29 22:08:56,246] {logging_mixin.py:109} INFO - [2021-11-29 22:08:56,246] {manager.py:496} INFO - Created Permission View: can read on DAG:example_xcom_args
[2021-11-29 22:08:56,279] {logging_mixin.py:109} INFO - [2021-11-29 22:08:56,279] {manager.py:496} INFO - Created Permission View: can edit on DAG:example_xcom_args_with_operators
[2021-11-29 22:08:56,295] {logging_mixin.py:109} INFO - [2021-11-29 22:08:56,295] {manager.py:496} INFO - Created Permission View: can read on DAG:example_xcom_args_with_operators
[2021-11-29 22:08:56,295] {logging_mixin.py:109} INFO - [2021-11-29 22:08:56,295] {dag.py:2396} INFO - Sync 2 DAGs
[2021-11-29 22:08:56,304] {logging_mixin.py:109} INFO - [2021-11-29 22:08:56,304] {dag.py:2415} INFO - Creating ORM DAG for example_xcom_args
[2021-11-29 22:08:56,305] {logging_mixin.py:109} INFO - [2021-11-29 22:08:56,305] {dag.py:2415} INFO - Creating ORM DAG for example_xcom_args_with_operators
[2021-11-29 22:08:56,314] {logging_mixin.py:109} INFO - [2021-11-29 22:08:56,314] {dag.py:2928} INFO - Setting next_dagrun for example_xcom_args to None
[2021-11-29 22:08:56,315] {logging_mixin.py:109} INFO - [2021-11-29 22:08:56,315] {dag.py:2928} INFO - Setting next_dagrun for example_xcom_args_with_operators to None
[2021-11-29 22:08:56,334] {processor.py:171} INFO - Processing /home/airflow/.local/lib/python3.7/site-packages/airflow/example_dags/example_xcomargs.py took 1.916 seconds
[2021-11-29 22:09:26,783] {processor.py:163} INFO - Started process (PID=251) to work on /home/airflow/.local/lib/python3.7/site-packages/airflow/example_dags/example_xcomargs.py
[2021-11-29 22:09:26,788] {processor.py:625} INFO - Processing file /home/airflow/.local/lib/python3.7/site-packages/airflow/example_dags/example_xcomargs.py for tasks to queue
[2021-11-29 22:09:26,788] {logging_mixin.py:109} INFO - [2021-11-29 22:09:26,788] {dagbag.py:500} INFO - Filling up the DagBag from /home/airflow/.local/lib/python3.7/site-packages/airflow/example_dags/example_xcomargs.py
[2021-11-29 22:09:26,843] {processor.py:637} INFO - DAG(s) dict_keys(['example_xcom_args', 'example_xcom_args_with_operators']) retrieved from /home/airflow/.local/lib/python3.7/site-packages/airflow/example_dags/example_xcomargs.py
[2021-11-29 22:09:27,109] {logging_mixin.py:109} INFO - [2021-11-29 22:09:27,109] {dag.py:2396} INFO - Sync 2 DAGs
[2021-11-29 22:09:27,121] {logging_mixin.py:109} INFO - [2021-11-29 22:09:27,121] {dag.py:2928} INFO - Setting next_dagrun for example_xcom_args to None
[2021-11-29 22:09:27,121] {logging_mixin.py:109} INFO - [2021-11-29 22:09:27,121] {dag.py:2928} INFO - Setting next_dagrun for example_xcom_args_with_operators to None
[2021-11-29 22:09:27,141] {processor.py:171} INFO - Processing /home/airflow/.local/lib/python3.7/site-packages/airflow/example_dags/example_xcomargs.py took 0.363 seconds
[2021-11-29 22:09:58,034] {processor.py:163} INFO - Started process (PID=304) to work on /home/airflow/.local/lib/python3.7/site-packages/airflow/example_dags/example_xcomargs.py
[2021-11-29 22:09:58,037] {processor.py:625} INFO - Processing file /home/airflow/.local/lib/python3.7/site-packages/airflow/example_dags/example_xcomargs.py for tasks to queue
[2021-11-29 22:09:58,039] {logging_mixin.py:109} INFO - [2021-11-29 22:09:58,039] {dagbag.py:500} INFO - Filling up the DagBag from /home/airflow/.local/lib/python3.7/site-packages/airflow/example_dags/example_xcomargs.py
[2021-11-29 22:09:58,097] {processor.py:637} INFO - DAG(s) dict_keys(['example_xcom_args', 'example_xcom_args_with_operators']) retrieved from /home/airflow/.local/lib/python3.7/site-packages/airflow/example_dags/example_xcomargs.py
[2021-11-29 22:09:58,354] {logging_mixin.py:109} INFO - [2021-11-29 22:09:58,353] {dag.py:2396} INFO - Sync 2 DAGs
[2021-11-29 22:09:58,366] {logging_mixin.py:109} INFO - [2021-11-29 22:09:58,366] {dag.py:2928} INFO - Setting next_dagrun for example_xcom_args to None
[2021-11-29 22:09:58,366] {logging_mixin.py:109} INFO - [2021-11-29 22:09:58,366] {dag.py:2928} INFO - Setting next_dagrun for example_xcom_args_with_operators to None
[2021-11-29 22:09:58,384] {processor.py:171} INFO - Processing /home/airflow/.local/lib/python3.7/site-packages/airflow/example_dags/example_xcomargs.py took 0.359 seconds
[2021-11-29 22:10:28,567] {processor.py:163} INFO - Started process (PID=364) to work on /home/airflow/.local/lib/python3.7/site-packages/airflow/example_dags/example_xcomargs.py
[2021-11-29 22:10:28,568] {processor.py:625} INFO - Processing file /home/airflow/.local/lib/python3.7/site-packages/airflow/example_dags/example_xcomargs.py for tasks to queue
[2021-11-29 22:10:28,568] {logging_mixin.py:109} INFO - [2021-11-29 22:10:28,568] {dagbag.py:500} INFO - Filling up the DagBag from /home/airflow/.local/lib/python3.7/site-packages/airflow/example_dags/example_xcomargs.py
[2021-11-29 22:10:28,595] {processor.py:637} INFO - DAG(s) dict_keys(['example_xcom_args', 'example_xcom_args_with_operators']) retrieved from /home/airflow/.local/lib/python3.7/site-packages/airflow/example_dags/example_xcomargs.py
[2021-11-29 22:10:28,921] {logging_mixin.py:109} INFO - [2021-11-29 22:10:28,921] {dag.py:2396} INFO - Sync 2 DAGs
[2021-11-29 22:10:28,937] {logging_mixin.py:109} INFO - [2021-11-29 22:10:28,937] {dag.py:2928} INFO - Setting next_dagrun for example_xcom_args to None
[2021-11-29 22:10:28,937] {logging_mixin.py:109} INFO - [2021-11-29 22:10:28,937] {dag.py:2928} INFO - Setting next_dagrun for example_xcom_args_with_operators to None
[2021-11-29 22:10:28,956] {processor.py:171} INFO - Processing /home/airflow/.local/lib/python3.7/site-packages/airflow/example_dags/example_xcomargs.py took 0.391 seconds
