[2021-11-29 22:09:03,918] {processor.py:163} INFO - Started process (PID=156) to work on /home/airflow/.local/lib/python3.7/site-packages/airflow/example_dags/example_bash_operator.py
[2021-11-29 22:09:03,920] {processor.py:625} INFO - Processing file /home/airflow/.local/lib/python3.7/site-packages/airflow/example_dags/example_bash_operator.py for tasks to queue
[2021-11-29 22:09:03,920] {logging_mixin.py:109} INFO - [2021-11-29 22:09:03,920] {dagbag.py:500} INFO - Filling up the DagBag from /home/airflow/.local/lib/python3.7/site-packages/airflow/example_dags/example_bash_operator.py
[2021-11-29 22:09:03,969] {processor.py:637} INFO - DAG(s) dict_keys(['example_bash_operator']) retrieved from /home/airflow/.local/lib/python3.7/site-packages/airflow/example_dags/example_bash_operator.py
[2021-11-29 22:09:06,106] {logging_mixin.py:109} INFO - [2021-11-29 22:09:06,106] {providers_manager.py:156} WARNING - Exception when importing 'airflow.providers.google.leveldb.hooks.leveldb.LevelDBHook' from 'apache-airflow-providers-google' package: No module named 'plyvel'
[2021-11-29 22:09:06,614] {logging_mixin.py:109} INFO - [2021-11-29 22:09:06,614] {providers_manager.py:156} WARNING - Exception when importing 'airflow.providers.google.leveldb.hooks.leveldb.LevelDBHook' from 'apache-airflow-providers-google' package: No module named 'plyvel'
[2021-11-29 22:09:06,657] {logging_mixin.py:109} INFO - [2021-11-29 22:09:06,657] {manager.py:496} INFO - Created Permission View: can edit on DAG:example_bash_operator
[2021-11-29 22:09:06,674] {logging_mixin.py:109} INFO - [2021-11-29 22:09:06,674] {manager.py:496} INFO - Created Permission View: can read on DAG:example_bash_operator
[2021-11-29 22:09:06,675] {logging_mixin.py:109} INFO - [2021-11-29 22:09:06,675] {dag.py:2396} INFO - Sync 1 DAGs
[2021-11-29 22:09:06,689] {logging_mixin.py:109} INFO - [2021-11-29 22:09:06,689] {dag.py:2415} INFO - Creating ORM DAG for example_bash_operator
[2021-11-29 22:09:06,702] {logging_mixin.py:109} INFO - [2021-11-29 22:09:06,702] {dag.py:2928} INFO - Setting next_dagrun for example_bash_operator to 2021-11-28 00:00:00+00:00
[2021-11-29 22:09:06,726] {processor.py:171} INFO - Processing /home/airflow/.local/lib/python3.7/site-packages/airflow/example_dags/example_bash_operator.py took 2.811 seconds
[2021-11-29 22:09:37,258] {processor.py:163} INFO - Started process (PID=269) to work on /home/airflow/.local/lib/python3.7/site-packages/airflow/example_dags/example_bash_operator.py
[2021-11-29 22:09:37,259] {processor.py:625} INFO - Processing file /home/airflow/.local/lib/python3.7/site-packages/airflow/example_dags/example_bash_operator.py for tasks to queue
[2021-11-29 22:09:37,260] {logging_mixin.py:109} INFO - [2021-11-29 22:09:37,260] {dagbag.py:500} INFO - Filling up the DagBag from /home/airflow/.local/lib/python3.7/site-packages/airflow/example_dags/example_bash_operator.py
[2021-11-29 22:09:37,292] {processor.py:637} INFO - DAG(s) dict_keys(['example_bash_operator']) retrieved from /home/airflow/.local/lib/python3.7/site-packages/airflow/example_dags/example_bash_operator.py
[2021-11-29 22:09:37,302] {logging_mixin.py:109} INFO - [2021-11-29 22:09:37,302] {dag.py:2396} INFO - Sync 1 DAGs
[2021-11-29 22:09:37,323] {logging_mixin.py:109} INFO - [2021-11-29 22:09:37,323] {dag.py:2928} INFO - Setting next_dagrun for example_bash_operator to 2021-11-28 00:00:00+00:00
[2021-11-29 22:09:37,341] {processor.py:171} INFO - Processing /home/airflow/.local/lib/python3.7/site-packages/airflow/example_dags/example_bash_operator.py took 0.086 seconds
[2021-11-29 22:10:07,842] {processor.py:163} INFO - Started process (PID=320) to work on /home/airflow/.local/lib/python3.7/site-packages/airflow/example_dags/example_bash_operator.py
[2021-11-29 22:10:07,843] {processor.py:625} INFO - Processing file /home/airflow/.local/lib/python3.7/site-packages/airflow/example_dags/example_bash_operator.py for tasks to queue
[2021-11-29 22:10:07,844] {logging_mixin.py:109} INFO - [2021-11-29 22:10:07,844] {dagbag.py:500} INFO - Filling up the DagBag from /home/airflow/.local/lib/python3.7/site-packages/airflow/example_dags/example_bash_operator.py
[2021-11-29 22:10:07,905] {processor.py:637} INFO - DAG(s) dict_keys(['example_bash_operator']) retrieved from /home/airflow/.local/lib/python3.7/site-packages/airflow/example_dags/example_bash_operator.py
[2021-11-29 22:10:07,920] {logging_mixin.py:109} INFO - [2021-11-29 22:10:07,919] {dag.py:2396} INFO - Sync 1 DAGs
[2021-11-29 22:10:07,947] {logging_mixin.py:109} INFO - [2021-11-29 22:10:07,947] {dag.py:2928} INFO - Setting next_dagrun for example_bash_operator to 2021-11-28 00:00:00+00:00
[2021-11-29 22:10:07,965] {processor.py:171} INFO - Processing /home/airflow/.local/lib/python3.7/site-packages/airflow/example_dags/example_bash_operator.py took 0.127 seconds
