[2021-11-29 22:08:20,226] {processor.py:163} INFO - Started process (PID=49) to work on /home/airflow/.local/lib/python3.7/site-packages/airflow/example_dags/example_branch_python_dop_operator_3.py
[2021-11-29 22:08:20,227] {processor.py:625} INFO - Processing file /home/airflow/.local/lib/python3.7/site-packages/airflow/example_dags/example_branch_python_dop_operator_3.py for tasks to queue
[2021-11-29 22:08:20,231] {logging_mixin.py:109} INFO - [2021-11-29 22:08:20,231] {dagbag.py:500} INFO - Filling up the DagBag from /home/airflow/.local/lib/python3.7/site-packages/airflow/example_dags/example_branch_python_dop_operator_3.py
[2021-11-29 22:08:20,365] {processor.py:637} INFO - DAG(s) dict_keys(['example_branch_dop_operator_v3']) retrieved from /home/airflow/.local/lib/python3.7/site-packages/airflow/example_dags/example_branch_python_dop_operator_3.py
[2021-11-29 22:08:30,124] {logging_mixin.py:109} INFO - [2021-11-29 22:08:30,124] {providers_manager.py:156} WARNING - Exception when importing 'airflow.providers.google.leveldb.hooks.leveldb.LevelDBHook' from 'apache-airflow-providers-google' package: No module named 'plyvel'
[2021-11-29 22:08:35,035] {logging_mixin.py:109} INFO - [2021-11-29 22:08:35,035] {providers_manager.py:156} WARNING - Exception when importing 'airflow.providers.google.leveldb.hooks.leveldb.LevelDBHook' from 'apache-airflow-providers-google' package: No module named 'plyvel'
[2021-11-29 22:08:35,180] {logging_mixin.py:109} INFO - [2021-11-29 22:08:35,180] {manager.py:496} INFO - Created Permission View: can edit on DAG:example_branch_dop_operator_v3
[2021-11-29 22:08:35,236] {logging_mixin.py:109} INFO - [2021-11-29 22:08:35,236] {manager.py:496} INFO - Created Permission View: can read on DAG:example_branch_dop_operator_v3
[2021-11-29 22:08:35,237] {logging_mixin.py:109} INFO - [2021-11-29 22:08:35,236] {dag.py:2396} INFO - Sync 1 DAGs
[2021-11-29 22:08:35,273] {logging_mixin.py:109} INFO - [2021-11-29 22:08:35,273] {dag.py:2415} INFO - Creating ORM DAG for example_branch_dop_operator_v3
[2021-11-29 22:08:35,377] {logging_mixin.py:109} INFO - [2021-11-29 22:08:35,377] {dag.py:2928} INFO - Setting next_dagrun for example_branch_dop_operator_v3 to 2021-11-29T22:07:00+00:00
[2021-11-29 22:08:35,421] {processor.py:171} INFO - Processing /home/airflow/.local/lib/python3.7/site-packages/airflow/example_dags/example_branch_python_dop_operator_3.py took 15.198 seconds
[2021-11-29 22:09:21,284] {processor.py:163} INFO - Started process (PID=238) to work on /home/airflow/.local/lib/python3.7/site-packages/airflow/example_dags/example_branch_python_dop_operator_3.py
[2021-11-29 22:09:21,290] {processor.py:625} INFO - Processing file /home/airflow/.local/lib/python3.7/site-packages/airflow/example_dags/example_branch_python_dop_operator_3.py for tasks to queue
[2021-11-29 22:09:21,293] {logging_mixin.py:109} INFO - [2021-11-29 22:09:21,293] {dagbag.py:500} INFO - Filling up the DagBag from /home/airflow/.local/lib/python3.7/site-packages/airflow/example_dags/example_branch_python_dop_operator_3.py
[2021-11-29 22:09:21,333] {processor.py:637} INFO - DAG(s) dict_keys(['example_branch_dop_operator_v3']) retrieved from /home/airflow/.local/lib/python3.7/site-packages/airflow/example_dags/example_branch_python_dop_operator_3.py
[2021-11-29 22:09:21,349] {logging_mixin.py:109} INFO - [2021-11-29 22:09:21,348] {dag.py:2396} INFO - Sync 1 DAGs
[2021-11-29 22:09:21,388] {logging_mixin.py:109} INFO - [2021-11-29 22:09:21,388] {dag.py:2928} INFO - Setting next_dagrun for example_branch_dop_operator_v3 to 2021-11-29T22:08:00+00:00
[2021-11-29 22:09:21,428] {processor.py:171} INFO - Processing /home/airflow/.local/lib/python3.7/site-packages/airflow/example_dags/example_branch_python_dop_operator_3.py took 0.151 seconds
[2021-11-29 22:09:52,333] {processor.py:163} INFO - Started process (PID=293) to work on /home/airflow/.local/lib/python3.7/site-packages/airflow/example_dags/example_branch_python_dop_operator_3.py
[2021-11-29 22:09:52,334] {processor.py:625} INFO - Processing file /home/airflow/.local/lib/python3.7/site-packages/airflow/example_dags/example_branch_python_dop_operator_3.py for tasks to queue
[2021-11-29 22:09:52,335] {logging_mixin.py:109} INFO - [2021-11-29 22:09:52,335] {dagbag.py:500} INFO - Filling up the DagBag from /home/airflow/.local/lib/python3.7/site-packages/airflow/example_dags/example_branch_python_dop_operator_3.py
[2021-11-29 22:09:52,363] {processor.py:637} INFO - DAG(s) dict_keys(['example_branch_dop_operator_v3']) retrieved from /home/airflow/.local/lib/python3.7/site-packages/airflow/example_dags/example_branch_python_dop_operator_3.py
[2021-11-29 22:09:52,373] {logging_mixin.py:109} INFO - [2021-11-29 22:09:52,372] {dag.py:2396} INFO - Sync 1 DAGs
[2021-11-29 22:09:52,394] {logging_mixin.py:109} INFO - [2021-11-29 22:09:52,394] {dag.py:2928} INFO - Setting next_dagrun for example_branch_dop_operator_v3 to 2021-11-29T22:08:00+00:00
[2021-11-29 22:09:52,410] {processor.py:171} INFO - Processing /home/airflow/.local/lib/python3.7/site-packages/airflow/example_dags/example_branch_python_dop_operator_3.py took 0.080 seconds
[2021-11-29 22:10:22,687] {processor.py:163} INFO - Started process (PID=344) to work on /home/airflow/.local/lib/python3.7/site-packages/airflow/example_dags/example_branch_python_dop_operator_3.py
[2021-11-29 22:10:22,693] {processor.py:625} INFO - Processing file /home/airflow/.local/lib/python3.7/site-packages/airflow/example_dags/example_branch_python_dop_operator_3.py for tasks to queue
[2021-11-29 22:10:22,696] {logging_mixin.py:109} INFO - [2021-11-29 22:10:22,695] {dagbag.py:500} INFO - Filling up the DagBag from /home/airflow/.local/lib/python3.7/site-packages/airflow/example_dags/example_branch_python_dop_operator_3.py
[2021-11-29 22:10:22,781] {processor.py:637} INFO - DAG(s) dict_keys(['example_branch_dop_operator_v3']) retrieved from /home/airflow/.local/lib/python3.7/site-packages/airflow/example_dags/example_branch_python_dop_operator_3.py
[2021-11-29 22:10:22,798] {logging_mixin.py:109} INFO - [2021-11-29 22:10:22,798] {dag.py:2396} INFO - Sync 1 DAGs
[2021-11-29 22:10:22,842] {logging_mixin.py:109} INFO - [2021-11-29 22:10:22,842] {dag.py:2928} INFO - Setting next_dagrun for example_branch_dop_operator_v3 to 2021-11-29T22:09:00+00:00
[2021-11-29 22:10:22,878] {processor.py:171} INFO - Processing /home/airflow/.local/lib/python3.7/site-packages/airflow/example_dags/example_branch_python_dop_operator_3.py took 0.204 seconds
