[2021-11-29 22:08:35,391] {processor.py:163} INFO - Started process (PID=67) to work on /home/airflow/.local/lib/python3.7/site-packages/airflow/example_dags/example_kubernetes_executor_config.py
[2021-11-29 22:08:35,403] {processor.py:625} INFO - Processing file /home/airflow/.local/lib/python3.7/site-packages/airflow/example_dags/example_kubernetes_executor_config.py for tasks to queue
[2021-11-29 22:08:35,404] {logging_mixin.py:109} INFO - [2021-11-29 22:08:35,404] {dagbag.py:500} INFO - Filling up the DagBag from /home/airflow/.local/lib/python3.7/site-packages/airflow/example_dags/example_kubernetes_executor_config.py
[2021-11-29 22:08:35,523] {processor.py:637} INFO - DAG(s) dict_keys(['example_kubernetes_executor_config']) retrieved from /home/airflow/.local/lib/python3.7/site-packages/airflow/example_dags/example_kubernetes_executor_config.py
[2021-11-29 22:08:38,837] {logging_mixin.py:109} INFO - [2021-11-29 22:08:38,836] {providers_manager.py:156} WARNING - Exception when importing 'airflow.providers.google.leveldb.hooks.leveldb.LevelDBHook' from 'apache-airflow-providers-google' package: No module named 'plyvel'
[2021-11-29 22:08:39,532] {logging_mixin.py:109} INFO - [2021-11-29 22:08:39,532] {providers_manager.py:156} WARNING - Exception when importing 'airflow.providers.google.leveldb.hooks.leveldb.LevelDBHook' from 'apache-airflow-providers-google' package: No module named 'plyvel'
[2021-11-29 22:08:39,586] {logging_mixin.py:109} INFO - [2021-11-29 22:08:39,585] {manager.py:496} INFO - Created Permission View: can edit on DAG:example_kubernetes_executor_config
[2021-11-29 22:08:39,607] {logging_mixin.py:109} INFO - [2021-11-29 22:08:39,607] {manager.py:496} INFO - Created Permission View: can read on DAG:example_kubernetes_executor_config
[2021-11-29 22:08:39,609] {logging_mixin.py:109} INFO - [2021-11-29 22:08:39,608] {dag.py:2396} INFO - Sync 1 DAGs
[2021-11-29 22:08:39,627] {logging_mixin.py:109} INFO - [2021-11-29 22:08:39,626] {dag.py:2415} INFO - Creating ORM DAG for example_kubernetes_executor_config
[2021-11-29 22:08:39,641] {logging_mixin.py:109} INFO - [2021-11-29 22:08:39,640] {dag.py:2928} INFO - Setting next_dagrun for example_kubernetes_executor_config to None
[2021-11-29 22:08:39,670] {processor.py:171} INFO - Processing /home/airflow/.local/lib/python3.7/site-packages/airflow/example_dags/example_kubernetes_executor_config.py took 4.294 seconds
[2021-11-29 22:09:21,460] {processor.py:163} INFO - Started process (PID=239) to work on /home/airflow/.local/lib/python3.7/site-packages/airflow/example_dags/example_kubernetes_executor_config.py
[2021-11-29 22:09:21,461] {processor.py:625} INFO - Processing file /home/airflow/.local/lib/python3.7/site-packages/airflow/example_dags/example_kubernetes_executor_config.py for tasks to queue
[2021-11-29 22:09:21,462] {logging_mixin.py:109} INFO - [2021-11-29 22:09:21,462] {dagbag.py:500} INFO - Filling up the DagBag from /home/airflow/.local/lib/python3.7/site-packages/airflow/example_dags/example_kubernetes_executor_config.py
[2021-11-29 22:09:21,512] {processor.py:637} INFO - DAG(s) dict_keys(['example_kubernetes_executor_config']) retrieved from /home/airflow/.local/lib/python3.7/site-packages/airflow/example_dags/example_kubernetes_executor_config.py
[2021-11-29 22:09:21,604] {logging_mixin.py:109} INFO - [2021-11-29 22:09:21,604] {dag.py:2396} INFO - Sync 1 DAGs
[2021-11-29 22:09:21,651] {logging_mixin.py:109} INFO - [2021-11-29 22:09:21,651] {dag.py:2928} INFO - Setting next_dagrun for example_kubernetes_executor_config to None
[2021-11-29 22:09:21,687] {processor.py:171} INFO - Processing /home/airflow/.local/lib/python3.7/site-packages/airflow/example_dags/example_kubernetes_executor_config.py took 0.231 seconds
[2021-11-29 22:09:52,337] {processor.py:163} INFO - Started process (PID=294) to work on /home/airflow/.local/lib/python3.7/site-packages/airflow/example_dags/example_kubernetes_executor_config.py
[2021-11-29 22:09:52,338] {processor.py:625} INFO - Processing file /home/airflow/.local/lib/python3.7/site-packages/airflow/example_dags/example_kubernetes_executor_config.py for tasks to queue
[2021-11-29 22:09:52,338] {logging_mixin.py:109} INFO - [2021-11-29 22:09:52,338] {dagbag.py:500} INFO - Filling up the DagBag from /home/airflow/.local/lib/python3.7/site-packages/airflow/example_dags/example_kubernetes_executor_config.py
[2021-11-29 22:09:52,365] {processor.py:637} INFO - DAG(s) dict_keys(['example_kubernetes_executor_config']) retrieved from /home/airflow/.local/lib/python3.7/site-packages/airflow/example_dags/example_kubernetes_executor_config.py
[2021-11-29 22:09:52,380] {logging_mixin.py:109} INFO - [2021-11-29 22:09:52,380] {dag.py:2396} INFO - Sync 1 DAGs
[2021-11-29 22:09:52,393] {logging_mixin.py:109} INFO - [2021-11-29 22:09:52,393] {dag.py:2928} INFO - Setting next_dagrun for example_kubernetes_executor_config to None
[2021-11-29 22:09:52,421] {processor.py:171} INFO - Processing /home/airflow/.local/lib/python3.7/site-packages/airflow/example_dags/example_kubernetes_executor_config.py took 0.086 seconds
[2021-11-29 22:10:22,697] {processor.py:163} INFO - Started process (PID=345) to work on /home/airflow/.local/lib/python3.7/site-packages/airflow/example_dags/example_kubernetes_executor_config.py
[2021-11-29 22:10:22,701] {processor.py:625} INFO - Processing file /home/airflow/.local/lib/python3.7/site-packages/airflow/example_dags/example_kubernetes_executor_config.py for tasks to queue
[2021-11-29 22:10:22,703] {logging_mixin.py:109} INFO - [2021-11-29 22:10:22,703] {dagbag.py:500} INFO - Filling up the DagBag from /home/airflow/.local/lib/python3.7/site-packages/airflow/example_dags/example_kubernetes_executor_config.py
[2021-11-29 22:10:22,778] {processor.py:637} INFO - DAG(s) dict_keys(['example_kubernetes_executor_config']) retrieved from /home/airflow/.local/lib/python3.7/site-packages/airflow/example_dags/example_kubernetes_executor_config.py
[2021-11-29 22:10:22,794] {logging_mixin.py:109} INFO - [2021-11-29 22:10:22,794] {dag.py:2396} INFO - Sync 1 DAGs
[2021-11-29 22:10:22,823] {logging_mixin.py:109} INFO - [2021-11-29 22:10:22,823] {dag.py:2928} INFO - Setting next_dagrun for example_kubernetes_executor_config to None
[2021-11-29 22:10:22,852] {processor.py:171} INFO - Processing /home/airflow/.local/lib/python3.7/site-packages/airflow/example_dags/example_kubernetes_executor_config.py took 0.165 seconds
