[2021-11-29 22:08:56,356] {processor.py:163} INFO - Started process (PID=126) to work on /home/airflow/.local/lib/python3.7/site-packages/airflow/example_dags/example_short_circuit_operator.py
[2021-11-29 22:08:56,357] {processor.py:625} INFO - Processing file /home/airflow/.local/lib/python3.7/site-packages/airflow/example_dags/example_short_circuit_operator.py for tasks to queue
[2021-11-29 22:08:56,358] {logging_mixin.py:109} INFO - [2021-11-29 22:08:56,358] {dagbag.py:500} INFO - Filling up the DagBag from /home/airflow/.local/lib/python3.7/site-packages/airflow/example_dags/example_short_circuit_operator.py
[2021-11-29 22:08:56,390] {processor.py:637} INFO - DAG(s) dict_keys(['example_short_circuit_operator']) retrieved from /home/airflow/.local/lib/python3.7/site-packages/airflow/example_dags/example_short_circuit_operator.py
[2021-11-29 22:08:58,070] {logging_mixin.py:109} INFO - [2021-11-29 22:08:58,070] {providers_manager.py:156} WARNING - Exception when importing 'airflow.providers.google.leveldb.hooks.leveldb.LevelDBHook' from 'apache-airflow-providers-google' package: No module named 'plyvel'
[2021-11-29 22:08:58,590] {logging_mixin.py:109} INFO - [2021-11-29 22:08:58,590] {providers_manager.py:156} WARNING - Exception when importing 'airflow.providers.google.leveldb.hooks.leveldb.LevelDBHook' from 'apache-airflow-providers-google' package: No module named 'plyvel'
[2021-11-29 22:08:58,631] {logging_mixin.py:109} INFO - [2021-11-29 22:08:58,631] {manager.py:496} INFO - Created Permission View: can edit on DAG:example_short_circuit_operator
[2021-11-29 22:08:58,648] {logging_mixin.py:109} INFO - [2021-11-29 22:08:58,648] {manager.py:496} INFO - Created Permission View: can read on DAG:example_short_circuit_operator
[2021-11-29 22:08:58,650] {logging_mixin.py:109} INFO - [2021-11-29 22:08:58,650] {dag.py:2396} INFO - Sync 1 DAGs
[2021-11-29 22:08:58,661] {logging_mixin.py:109} INFO - [2021-11-29 22:08:58,660] {dag.py:2415} INFO - Creating ORM DAG for example_short_circuit_operator
[2021-11-29 22:08:58,668] {logging_mixin.py:109} INFO - [2021-11-29 22:08:58,668] {dag.py:2928} INFO - Setting next_dagrun for example_short_circuit_operator to 2021-11-28T22:08:58.668649+00:00
[2021-11-29 22:08:58,687] {processor.py:171} INFO - Processing /home/airflow/.local/lib/python3.7/site-packages/airflow/example_dags/example_short_circuit_operator.py took 2.334 seconds
[2021-11-29 22:09:28,934] {processor.py:163} INFO - Started process (PID=253) to work on /home/airflow/.local/lib/python3.7/site-packages/airflow/example_dags/example_short_circuit_operator.py
[2021-11-29 22:09:28,936] {processor.py:625} INFO - Processing file /home/airflow/.local/lib/python3.7/site-packages/airflow/example_dags/example_short_circuit_operator.py for tasks to queue
[2021-11-29 22:09:28,938] {logging_mixin.py:109} INFO - [2021-11-29 22:09:28,938] {dagbag.py:500} INFO - Filling up the DagBag from /home/airflow/.local/lib/python3.7/site-packages/airflow/example_dags/example_short_circuit_operator.py
[2021-11-29 22:09:29,014] {processor.py:637} INFO - DAG(s) dict_keys(['example_short_circuit_operator']) retrieved from /home/airflow/.local/lib/python3.7/site-packages/airflow/example_dags/example_short_circuit_operator.py
[2021-11-29 22:09:29,028] {logging_mixin.py:109} INFO - [2021-11-29 22:09:29,028] {dag.py:2396} INFO - Sync 1 DAGs
[2021-11-29 22:09:29,054] {logging_mixin.py:109} INFO - [2021-11-29 22:09:29,054] {dag.py:2928} INFO - Setting next_dagrun for example_short_circuit_operator to 2021-11-28T22:09:29.054495+00:00
[2021-11-29 22:09:29,076] {processor.py:171} INFO - Processing /home/airflow/.local/lib/python3.7/site-packages/airflow/example_dags/example_short_circuit_operator.py took 0.151 seconds
[2021-11-29 22:09:59,404] {processor.py:163} INFO - Started process (PID=305) to work on /home/airflow/.local/lib/python3.7/site-packages/airflow/example_dags/example_short_circuit_operator.py
[2021-11-29 22:09:59,407] {processor.py:625} INFO - Processing file /home/airflow/.local/lib/python3.7/site-packages/airflow/example_dags/example_short_circuit_operator.py for tasks to queue
[2021-11-29 22:09:59,408] {logging_mixin.py:109} INFO - [2021-11-29 22:09:59,408] {dagbag.py:500} INFO - Filling up the DagBag from /home/airflow/.local/lib/python3.7/site-packages/airflow/example_dags/example_short_circuit_operator.py
[2021-11-29 22:09:59,439] {processor.py:637} INFO - DAG(s) dict_keys(['example_short_circuit_operator']) retrieved from /home/airflow/.local/lib/python3.7/site-packages/airflow/example_dags/example_short_circuit_operator.py
[2021-11-29 22:09:59,449] {logging_mixin.py:109} INFO - [2021-11-29 22:09:59,449] {dag.py:2396} INFO - Sync 1 DAGs
[2021-11-29 22:09:59,467] {logging_mixin.py:109} INFO - [2021-11-29 22:09:59,467] {dag.py:2928} INFO - Setting next_dagrun for example_short_circuit_operator to 2021-11-28T22:09:59.465725+00:00
[2021-11-29 22:09:59,485] {processor.py:171} INFO - Processing /home/airflow/.local/lib/python3.7/site-packages/airflow/example_dags/example_short_circuit_operator.py took 0.085 seconds
[2021-11-29 22:10:29,653] {processor.py:163} INFO - Started process (PID=365) to work on /home/airflow/.local/lib/python3.7/site-packages/airflow/example_dags/example_short_circuit_operator.py
[2021-11-29 22:10:29,654] {processor.py:625} INFO - Processing file /home/airflow/.local/lib/python3.7/site-packages/airflow/example_dags/example_short_circuit_operator.py for tasks to queue
[2021-11-29 22:10:29,655] {logging_mixin.py:109} INFO - [2021-11-29 22:10:29,655] {dagbag.py:500} INFO - Filling up the DagBag from /home/airflow/.local/lib/python3.7/site-packages/airflow/example_dags/example_short_circuit_operator.py
[2021-11-29 22:10:29,736] {processor.py:637} INFO - DAG(s) dict_keys(['example_short_circuit_operator']) retrieved from /home/airflow/.local/lib/python3.7/site-packages/airflow/example_dags/example_short_circuit_operator.py
[2021-11-29 22:10:29,792] {logging_mixin.py:109} INFO - [2021-11-29 22:10:29,792] {dag.py:2396} INFO - Sync 1 DAGs
[2021-11-29 22:10:29,849] {logging_mixin.py:109} INFO - [2021-11-29 22:10:29,849] {dag.py:2928} INFO - Setting next_dagrun for example_short_circuit_operator to 2021-11-28T22:10:29.849000+00:00
[2021-11-29 22:10:29,888] {processor.py:171} INFO - Processing /home/airflow/.local/lib/python3.7/site-packages/airflow/example_dags/example_short_circuit_operator.py took 0.239 seconds
