[2021-11-29 22:09:13,471] {processor.py:163} INFO - Started process (PID=205) to work on /home/airflow/.local/lib/python3.7/site-packages/airflow/example_dags/example_branch_labels.py
[2021-11-29 22:09:13,472] {processor.py:625} INFO - Processing file /home/airflow/.local/lib/python3.7/site-packages/airflow/example_dags/example_branch_labels.py for tasks to queue
[2021-11-29 22:09:13,473] {logging_mixin.py:109} INFO - [2021-11-29 22:09:13,473] {dagbag.py:500} INFO - Filling up the DagBag from /home/airflow/.local/lib/python3.7/site-packages/airflow/example_dags/example_branch_labels.py
[2021-11-29 22:09:13,499] {processor.py:637} INFO - DAG(s) dict_keys(['example_branch_labels']) retrieved from /home/airflow/.local/lib/python3.7/site-packages/airflow/example_dags/example_branch_labels.py
[2021-11-29 22:09:14,954] {logging_mixin.py:109} INFO - [2021-11-29 22:09:14,954] {providers_manager.py:156} WARNING - Exception when importing 'airflow.providers.google.leveldb.hooks.leveldb.LevelDBHook' from 'apache-airflow-providers-google' package: No module named 'plyvel'
[2021-11-29 22:09:15,509] {logging_mixin.py:109} INFO - [2021-11-29 22:09:15,509] {providers_manager.py:156} WARNING - Exception when importing 'airflow.providers.google.leveldb.hooks.leveldb.LevelDBHook' from 'apache-airflow-providers-google' package: No module named 'plyvel'
[2021-11-29 22:09:15,553] {logging_mixin.py:109} INFO - [2021-11-29 22:09:15,553] {manager.py:496} INFO - Created Permission View: can edit on DAG:example_branch_labels
[2021-11-29 22:09:15,571] {logging_mixin.py:109} INFO - [2021-11-29 22:09:15,571] {manager.py:496} INFO - Created Permission View: can read on DAG:example_branch_labels
[2021-11-29 22:09:15,571] {logging_mixin.py:109} INFO - [2021-11-29 22:09:15,571] {dag.py:2396} INFO - Sync 1 DAGs
[2021-11-29 22:09:15,586] {logging_mixin.py:109} INFO - [2021-11-29 22:09:15,586] {dag.py:2415} INFO - Creating ORM DAG for example_branch_labels
[2021-11-29 22:09:15,601] {logging_mixin.py:109} INFO - [2021-11-29 22:09:15,600] {dag.py:2928} INFO - Setting next_dagrun for example_branch_labels to 2021-11-28 00:00:00+00:00
[2021-11-29 22:09:15,625] {processor.py:171} INFO - Processing /home/airflow/.local/lib/python3.7/site-packages/airflow/example_dags/example_branch_labels.py took 2.156 seconds
[2021-11-29 22:09:45,937] {processor.py:163} INFO - Started process (PID=277) to work on /home/airflow/.local/lib/python3.7/site-packages/airflow/example_dags/example_branch_labels.py
[2021-11-29 22:09:45,939] {processor.py:625} INFO - Processing file /home/airflow/.local/lib/python3.7/site-packages/airflow/example_dags/example_branch_labels.py for tasks to queue
[2021-11-29 22:09:45,939] {logging_mixin.py:109} INFO - [2021-11-29 22:09:45,939] {dagbag.py:500} INFO - Filling up the DagBag from /home/airflow/.local/lib/python3.7/site-packages/airflow/example_dags/example_branch_labels.py
[2021-11-29 22:09:45,967] {processor.py:637} INFO - DAG(s) dict_keys(['example_branch_labels']) retrieved from /home/airflow/.local/lib/python3.7/site-packages/airflow/example_dags/example_branch_labels.py
[2021-11-29 22:09:45,981] {logging_mixin.py:109} INFO - [2021-11-29 22:09:45,981] {dag.py:2396} INFO - Sync 1 DAGs
[2021-11-29 22:09:46,004] {logging_mixin.py:109} INFO - [2021-11-29 22:09:46,004] {dag.py:2928} INFO - Setting next_dagrun for example_branch_labels to 2021-11-28 00:00:00+00:00
[2021-11-29 22:09:46,020] {processor.py:171} INFO - Processing /home/airflow/.local/lib/python3.7/site-packages/airflow/example_dags/example_branch_labels.py took 0.087 seconds
[2021-11-29 22:10:16,391] {processor.py:163} INFO - Started process (PID=337) to work on /home/airflow/.local/lib/python3.7/site-packages/airflow/example_dags/example_branch_labels.py
[2021-11-29 22:10:16,392] {processor.py:625} INFO - Processing file /home/airflow/.local/lib/python3.7/site-packages/airflow/example_dags/example_branch_labels.py for tasks to queue
[2021-11-29 22:10:16,393] {logging_mixin.py:109} INFO - [2021-11-29 22:10:16,392] {dagbag.py:500} INFO - Filling up the DagBag from /home/airflow/.local/lib/python3.7/site-packages/airflow/example_dags/example_branch_labels.py
[2021-11-29 22:10:16,416] {processor.py:637} INFO - DAG(s) dict_keys(['example_branch_labels']) retrieved from /home/airflow/.local/lib/python3.7/site-packages/airflow/example_dags/example_branch_labels.py
[2021-11-29 22:10:16,424] {logging_mixin.py:109} INFO - [2021-11-29 22:10:16,424] {dag.py:2396} INFO - Sync 1 DAGs
[2021-11-29 22:10:16,439] {logging_mixin.py:109} INFO - [2021-11-29 22:10:16,439] {dag.py:2928} INFO - Setting next_dagrun for example_branch_labels to 2021-11-28 00:00:00+00:00
[2021-11-29 22:10:16,454] {processor.py:171} INFO - Processing /home/airflow/.local/lib/python3.7/site-packages/airflow/example_dags/example_branch_labels.py took 0.066 seconds
