[2021-11-29 22:08:52,014] {processor.py:163} INFO - Started process (PID=107) to work on /home/airflow/.local/lib/python3.7/site-packages/airflow/example_dags/example_kubernetes_executor.py
[2021-11-29 22:08:52,019] {processor.py:625} INFO - Processing file /home/airflow/.local/lib/python3.7/site-packages/airflow/example_dags/example_kubernetes_executor.py for tasks to queue
[2021-11-29 22:08:52,025] {logging_mixin.py:109} INFO - [2021-11-29 22:08:52,019] {dagbag.py:500} INFO - Filling up the DagBag from /home/airflow/.local/lib/python3.7/site-packages/airflow/example_dags/example_kubernetes_executor.py
[2021-11-29 22:08:52,080] {processor.py:637} INFO - DAG(s) dict_keys(['example_kubernetes_executor']) retrieved from /home/airflow/.local/lib/python3.7/site-packages/airflow/example_dags/example_kubernetes_executor.py
[2021-11-29 22:08:54,056] {logging_mixin.py:109} INFO - [2021-11-29 22:08:54,056] {providers_manager.py:156} WARNING - Exception when importing 'airflow.providers.google.leveldb.hooks.leveldb.LevelDBHook' from 'apache-airflow-providers-google' package: No module named 'plyvel'
[2021-11-29 22:08:54,453] {logging_mixin.py:109} INFO - [2021-11-29 22:08:54,452] {providers_manager.py:156} WARNING - Exception when importing 'airflow.providers.google.leveldb.hooks.leveldb.LevelDBHook' from 'apache-airflow-providers-google' package: No module named 'plyvel'
[2021-11-29 22:08:54,491] {logging_mixin.py:109} INFO - [2021-11-29 22:08:54,490] {manager.py:496} INFO - Created Permission View: can edit on DAG:example_kubernetes_executor
[2021-11-29 22:08:54,506] {logging_mixin.py:109} INFO - [2021-11-29 22:08:54,506] {manager.py:496} INFO - Created Permission View: can read on DAG:example_kubernetes_executor
[2021-11-29 22:08:54,506] {logging_mixin.py:109} INFO - [2021-11-29 22:08:54,506] {dag.py:2396} INFO - Sync 1 DAGs
[2021-11-29 22:08:54,514] {logging_mixin.py:109} INFO - [2021-11-29 22:08:54,513] {dag.py:2415} INFO - Creating ORM DAG for example_kubernetes_executor
[2021-11-29 22:08:54,522] {logging_mixin.py:109} INFO - [2021-11-29 22:08:54,521] {dag.py:2928} INFO - Setting next_dagrun for example_kubernetes_executor to None
[2021-11-29 22:08:54,542] {processor.py:171} INFO - Processing /home/airflow/.local/lib/python3.7/site-packages/airflow/example_dags/example_kubernetes_executor.py took 2.539 seconds
[2021-11-29 22:09:24,666] {processor.py:163} INFO - Started process (PID=250) to work on /home/airflow/.local/lib/python3.7/site-packages/airflow/example_dags/example_kubernetes_executor.py
[2021-11-29 22:09:24,667] {processor.py:625} INFO - Processing file /home/airflow/.local/lib/python3.7/site-packages/airflow/example_dags/example_kubernetes_executor.py for tasks to queue
[2021-11-29 22:09:24,668] {logging_mixin.py:109} INFO - [2021-11-29 22:09:24,668] {dagbag.py:500} INFO - Filling up the DagBag from /home/airflow/.local/lib/python3.7/site-packages/airflow/example_dags/example_kubernetes_executor.py
[2021-11-29 22:09:24,707] {processor.py:637} INFO - DAG(s) dict_keys(['example_kubernetes_executor']) retrieved from /home/airflow/.local/lib/python3.7/site-packages/airflow/example_dags/example_kubernetes_executor.py
[2021-11-29 22:09:24,724] {logging_mixin.py:109} INFO - [2021-11-29 22:09:24,724] {dag.py:2396} INFO - Sync 1 DAGs
[2021-11-29 22:09:24,748] {logging_mixin.py:109} INFO - [2021-11-29 22:09:24,747] {dag.py:2928} INFO - Setting next_dagrun for example_kubernetes_executor to None
[2021-11-29 22:09:24,767] {processor.py:171} INFO - Processing /home/airflow/.local/lib/python3.7/site-packages/airflow/example_dags/example_kubernetes_executor.py took 0.106 seconds
[2021-11-29 22:09:54,922] {processor.py:163} INFO - Started process (PID=302) to work on /home/airflow/.local/lib/python3.7/site-packages/airflow/example_dags/example_kubernetes_executor.py
[2021-11-29 22:09:54,923] {processor.py:625} INFO - Processing file /home/airflow/.local/lib/python3.7/site-packages/airflow/example_dags/example_kubernetes_executor.py for tasks to queue
[2021-11-29 22:09:54,924] {logging_mixin.py:109} INFO - [2021-11-29 22:09:54,924] {dagbag.py:500} INFO - Filling up the DagBag from /home/airflow/.local/lib/python3.7/site-packages/airflow/example_dags/example_kubernetes_executor.py
[2021-11-29 22:09:54,948] {processor.py:637} INFO - DAG(s) dict_keys(['example_kubernetes_executor']) retrieved from /home/airflow/.local/lib/python3.7/site-packages/airflow/example_dags/example_kubernetes_executor.py
[2021-11-29 22:09:54,958] {logging_mixin.py:109} INFO - [2021-11-29 22:09:54,958] {dag.py:2396} INFO - Sync 1 DAGs
[2021-11-29 22:09:54,974] {logging_mixin.py:109} INFO - [2021-11-29 22:09:54,974] {dag.py:2928} INFO - Setting next_dagrun for example_kubernetes_executor to None
[2021-11-29 22:09:54,991] {processor.py:171} INFO - Processing /home/airflow/.local/lib/python3.7/site-packages/airflow/example_dags/example_kubernetes_executor.py took 0.071 seconds
[2021-11-29 22:10:25,301] {processor.py:163} INFO - Started process (PID=361) to work on /home/airflow/.local/lib/python3.7/site-packages/airflow/example_dags/example_kubernetes_executor.py
[2021-11-29 22:10:25,302] {processor.py:625} INFO - Processing file /home/airflow/.local/lib/python3.7/site-packages/airflow/example_dags/example_kubernetes_executor.py for tasks to queue
[2021-11-29 22:10:25,303] {logging_mixin.py:109} INFO - [2021-11-29 22:10:25,303] {dagbag.py:500} INFO - Filling up the DagBag from /home/airflow/.local/lib/python3.7/site-packages/airflow/example_dags/example_kubernetes_executor.py
[2021-11-29 22:10:25,334] {processor.py:637} INFO - DAG(s) dict_keys(['example_kubernetes_executor']) retrieved from /home/airflow/.local/lib/python3.7/site-packages/airflow/example_dags/example_kubernetes_executor.py
[2021-11-29 22:10:25,348] {logging_mixin.py:109} INFO - [2021-11-29 22:10:25,348] {dag.py:2396} INFO - Sync 1 DAGs
[2021-11-29 22:10:25,369] {logging_mixin.py:109} INFO - [2021-11-29 22:10:25,369] {dag.py:2928} INFO - Setting next_dagrun for example_kubernetes_executor to None
[2021-11-29 22:10:25,389] {processor.py:171} INFO - Processing /home/airflow/.local/lib/python3.7/site-packages/airflow/example_dags/example_kubernetes_executor.py took 0.091 seconds
