[2021-11-29 22:09:01,269] {processor.py:163} INFO - Started process (PID=147) to work on /home/airflow/.local/lib/python3.7/site-packages/airflow/example_dags/example_subdag_operator.py
[2021-11-29 22:09:01,270] {processor.py:625} INFO - Processing file /home/airflow/.local/lib/python3.7/site-packages/airflow/example_dags/example_subdag_operator.py for tasks to queue
[2021-11-29 22:09:01,270] {logging_mixin.py:109} INFO - [2021-11-29 22:09:01,270] {dagbag.py:500} INFO - Filling up the DagBag from /home/airflow/.local/lib/python3.7/site-packages/airflow/example_dags/example_subdag_operator.py
[2021-11-29 22:09:01,321] {processor.py:637} INFO - DAG(s) dict_keys(['example_subdag_operator.section-1', 'example_subdag_operator.section-2', 'example_subdag_operator']) retrieved from /home/airflow/.local/lib/python3.7/site-packages/airflow/example_dags/example_subdag_operator.py
[2021-11-29 22:09:03,269] {logging_mixin.py:109} INFO - [2021-11-29 22:09:03,269] {providers_manager.py:156} WARNING - Exception when importing 'airflow.providers.google.leveldb.hooks.leveldb.LevelDBHook' from 'apache-airflow-providers-google' package: No module named 'plyvel'
[2021-11-29 22:09:03,804] {logging_mixin.py:109} INFO - [2021-11-29 22:09:03,804] {providers_manager.py:156} WARNING - Exception when importing 'airflow.providers.google.leveldb.hooks.leveldb.LevelDBHook' from 'apache-airflow-providers-google' package: No module named 'plyvel'
[2021-11-29 22:09:03,889] {logging_mixin.py:109} INFO - [2021-11-29 22:09:03,889] {manager.py:496} INFO - Created Permission View: can edit on DAG:example_subdag_operator
[2021-11-29 22:09:03,908] {logging_mixin.py:109} INFO - [2021-11-29 22:09:03,908] {manager.py:496} INFO - Created Permission View: can read on DAG:example_subdag_operator
[2021-11-29 22:09:03,909] {logging_mixin.py:109} INFO - [2021-11-29 22:09:03,908] {dag.py:2396} INFO - Sync 3 DAGs
[2021-11-29 22:09:03,924] {logging_mixin.py:109} INFO - [2021-11-29 22:09:03,923] {dag.py:2415} INFO - Creating ORM DAG for example_subdag_operator
[2021-11-29 22:09:03,925] {logging_mixin.py:109} INFO - [2021-11-29 22:09:03,925] {dag.py:2415} INFO - Creating ORM DAG for example_subdag_operator.section-1
[2021-11-29 22:09:03,926] {logging_mixin.py:109} INFO - [2021-11-29 22:09:03,926] {dag.py:2415} INFO - Creating ORM DAG for example_subdag_operator.section-2
[2021-11-29 22:09:03,936] {logging_mixin.py:109} INFO - [2021-11-29 22:09:03,936] {dag.py:2928} INFO - Setting next_dagrun for example_subdag_operator to 2021-11-27T00:00:00+00:00
[2021-11-29 22:09:03,937] {logging_mixin.py:109} INFO - [2021-11-29 22:09:03,937] {dag.py:2928} INFO - Setting next_dagrun for example_subdag_operator.section-1 to None
[2021-11-29 22:09:03,937] {logging_mixin.py:109} INFO - [2021-11-29 22:09:03,937] {dag.py:2928} INFO - Setting next_dagrun for example_subdag_operator.section-2 to None
[2021-11-29 22:09:03,947] {logging_mixin.py:109} INFO - [2021-11-29 22:09:03,947] {dag.py:2396} INFO - Sync 2 DAGs
[2021-11-29 22:09:03,959] {logging_mixin.py:109} INFO - [2021-11-29 22:09:03,959] {dag.py:2928} INFO - Setting next_dagrun for example_subdag_operator.section-1 to None
[2021-11-29 22:09:03,959] {logging_mixin.py:109} INFO - [2021-11-29 22:09:03,959] {dag.py:2928} INFO - Setting next_dagrun for example_subdag_operator.section-2 to None
[2021-11-29 22:09:03,976] {processor.py:171} INFO - Processing /home/airflow/.local/lib/python3.7/site-packages/airflow/example_dags/example_subdag_operator.py took 2.710 seconds
[2021-11-29 22:09:34,148] {processor.py:163} INFO - Started process (PID=258) to work on /home/airflow/.local/lib/python3.7/site-packages/airflow/example_dags/example_subdag_operator.py
[2021-11-29 22:09:34,149] {processor.py:625} INFO - Processing file /home/airflow/.local/lib/python3.7/site-packages/airflow/example_dags/example_subdag_operator.py for tasks to queue
[2021-11-29 22:09:34,150] {logging_mixin.py:109} INFO - [2021-11-29 22:09:34,150] {dagbag.py:500} INFO - Filling up the DagBag from /home/airflow/.local/lib/python3.7/site-packages/airflow/example_dags/example_subdag_operator.py
[2021-11-29 22:09:34,192] {processor.py:637} INFO - DAG(s) dict_keys(['example_subdag_operator.section-1', 'example_subdag_operator.section-2', 'example_subdag_operator']) retrieved from /home/airflow/.local/lib/python3.7/site-packages/airflow/example_dags/example_subdag_operator.py
[2021-11-29 22:09:34,208] {logging_mixin.py:109} INFO - [2021-11-29 22:09:34,208] {dag.py:2396} INFO - Sync 3 DAGs
[2021-11-29 22:09:34,231] {logging_mixin.py:109} INFO - [2021-11-29 22:09:34,231] {dag.py:2928} INFO - Setting next_dagrun for example_subdag_operator to 2021-11-27T00:00:00+00:00
[2021-11-29 22:09:34,232] {logging_mixin.py:109} INFO - [2021-11-29 22:09:34,232] {dag.py:2928} INFO - Setting next_dagrun for example_subdag_operator.section-1 to None
[2021-11-29 22:09:34,233] {logging_mixin.py:109} INFO - [2021-11-29 22:09:34,233] {dag.py:2928} INFO - Setting next_dagrun for example_subdag_operator.section-2 to None
[2021-11-29 22:09:34,241] {logging_mixin.py:109} INFO - [2021-11-29 22:09:34,241] {dag.py:2396} INFO - Sync 2 DAGs
[2021-11-29 22:09:34,254] {logging_mixin.py:109} INFO - [2021-11-29 22:09:34,254] {dag.py:2928} INFO - Setting next_dagrun for example_subdag_operator.section-1 to None
[2021-11-29 22:09:34,254] {logging_mixin.py:109} INFO - [2021-11-29 22:09:34,254] {dag.py:2928} INFO - Setting next_dagrun for example_subdag_operator.section-2 to None
[2021-11-29 22:09:34,268] {processor.py:171} INFO - Processing /home/airflow/.local/lib/python3.7/site-packages/airflow/example_dags/example_subdag_operator.py took 0.123 seconds
[2021-11-29 22:10:04,689] {processor.py:163} INFO - Started process (PID=319) to work on /home/airflow/.local/lib/python3.7/site-packages/airflow/example_dags/example_subdag_operator.py
[2021-11-29 22:10:04,690] {processor.py:625} INFO - Processing file /home/airflow/.local/lib/python3.7/site-packages/airflow/example_dags/example_subdag_operator.py for tasks to queue
[2021-11-29 22:10:04,691] {logging_mixin.py:109} INFO - [2021-11-29 22:10:04,691] {dagbag.py:500} INFO - Filling up the DagBag from /home/airflow/.local/lib/python3.7/site-packages/airflow/example_dags/example_subdag_operator.py
[2021-11-29 22:10:04,750] {processor.py:637} INFO - DAG(s) dict_keys(['example_subdag_operator.section-1', 'example_subdag_operator.section-2', 'example_subdag_operator']) retrieved from /home/airflow/.local/lib/python3.7/site-packages/airflow/example_dags/example_subdag_operator.py
[2021-11-29 22:10:04,769] {logging_mixin.py:109} INFO - [2021-11-29 22:10:04,769] {dag.py:2396} INFO - Sync 3 DAGs
[2021-11-29 22:10:04,790] {logging_mixin.py:109} INFO - [2021-11-29 22:10:04,789] {dag.py:2928} INFO - Setting next_dagrun for example_subdag_operator to 2021-11-27T00:00:00+00:00
[2021-11-29 22:10:04,790] {logging_mixin.py:109} INFO - [2021-11-29 22:10:04,790] {dag.py:2928} INFO - Setting next_dagrun for example_subdag_operator.section-1 to None
[2021-11-29 22:10:04,790] {logging_mixin.py:109} INFO - [2021-11-29 22:10:04,790] {dag.py:2928} INFO - Setting next_dagrun for example_subdag_operator.section-2 to None
[2021-11-29 22:10:04,799] {logging_mixin.py:109} INFO - [2021-11-29 22:10:04,798] {dag.py:2396} INFO - Sync 2 DAGs
[2021-11-29 22:10:04,813] {logging_mixin.py:109} INFO - [2021-11-29 22:10:04,813] {dag.py:2928} INFO - Setting next_dagrun for example_subdag_operator.section-1 to None
[2021-11-29 22:10:04,814] {logging_mixin.py:109} INFO - [2021-11-29 22:10:04,814] {dag.py:2928} INFO - Setting next_dagrun for example_subdag_operator.section-2 to None
[2021-11-29 22:10:04,841] {processor.py:171} INFO - Processing /home/airflow/.local/lib/python3.7/site-packages/airflow/example_dags/example_subdag_operator.py took 0.156 seconds
