[2021-11-29 22:08:44,310] {processor.py:163} INFO - Started process (PID=88) to work on /home/airflow/.local/lib/python3.7/site-packages/airflow/example_dags/example_time_delta_sensor_async.py
[2021-11-29 22:08:44,312] {processor.py:625} INFO - Processing file /home/airflow/.local/lib/python3.7/site-packages/airflow/example_dags/example_time_delta_sensor_async.py for tasks to queue
[2021-11-29 22:08:44,312] {logging_mixin.py:109} INFO - [2021-11-29 22:08:44,312] {dagbag.py:500} INFO - Filling up the DagBag from /home/airflow/.local/lib/python3.7/site-packages/airflow/example_dags/example_time_delta_sensor_async.py
[2021-11-29 22:08:44,421] {processor.py:637} INFO - DAG(s) dict_keys(['example_time_delta_sensor_async']) retrieved from /home/airflow/.local/lib/python3.7/site-packages/airflow/example_dags/example_time_delta_sensor_async.py
[2021-11-29 22:08:50,183] {logging_mixin.py:109} INFO - [2021-11-29 22:08:50,183] {providers_manager.py:156} WARNING - Exception when importing 'airflow.providers.google.leveldb.hooks.leveldb.LevelDBHook' from 'apache-airflow-providers-google' package: No module named 'plyvel'
[2021-11-29 22:08:51,659] {logging_mixin.py:109} INFO - [2021-11-29 22:08:51,659] {providers_manager.py:156} WARNING - Exception when importing 'airflow.providers.google.leveldb.hooks.leveldb.LevelDBHook' from 'apache-airflow-providers-google' package: No module named 'plyvel'
[2021-11-29 22:08:51,749] {logging_mixin.py:109} INFO - [2021-11-29 22:08:51,749] {manager.py:496} INFO - Created Permission View: can edit on DAG:example_time_delta_sensor_async
[2021-11-29 22:08:51,795] {logging_mixin.py:109} INFO - [2021-11-29 22:08:51,795] {manager.py:496} INFO - Created Permission View: can read on DAG:example_time_delta_sensor_async
[2021-11-29 22:08:51,796] {logging_mixin.py:109} INFO - [2021-11-29 22:08:51,795] {dag.py:2396} INFO - Sync 1 DAGs
[2021-11-29 22:08:51,818] {logging_mixin.py:109} INFO - [2021-11-29 22:08:51,818] {dag.py:2415} INFO - Creating ORM DAG for example_time_delta_sensor_async
[2021-11-29 22:08:51,840] {logging_mixin.py:109} INFO - [2021-11-29 22:08:51,840] {dag.py:2928} INFO - Setting next_dagrun for example_time_delta_sensor_async to None
[2021-11-29 22:08:51,910] {processor.py:171} INFO - Processing /home/airflow/.local/lib/python3.7/site-packages/airflow/example_dags/example_time_delta_sensor_async.py took 7.603 seconds
[2021-11-29 22:09:23,973] {processor.py:163} INFO - Started process (PID=248) to work on /home/airflow/.local/lib/python3.7/site-packages/airflow/example_dags/example_time_delta_sensor_async.py
[2021-11-29 22:09:23,978] {processor.py:625} INFO - Processing file /home/airflow/.local/lib/python3.7/site-packages/airflow/example_dags/example_time_delta_sensor_async.py for tasks to queue
[2021-11-29 22:09:23,979] {logging_mixin.py:109} INFO - [2021-11-29 22:09:23,978] {dagbag.py:500} INFO - Filling up the DagBag from /home/airflow/.local/lib/python3.7/site-packages/airflow/example_dags/example_time_delta_sensor_async.py
[2021-11-29 22:09:24,032] {processor.py:637} INFO - DAG(s) dict_keys(['example_time_delta_sensor_async']) retrieved from /home/airflow/.local/lib/python3.7/site-packages/airflow/example_dags/example_time_delta_sensor_async.py
[2021-11-29 22:09:24,043] {logging_mixin.py:109} INFO - [2021-11-29 22:09:24,043] {dag.py:2396} INFO - Sync 1 DAGs
[2021-11-29 22:09:24,064] {logging_mixin.py:109} INFO - [2021-11-29 22:09:24,063] {dag.py:2928} INFO - Setting next_dagrun for example_time_delta_sensor_async to None
[2021-11-29 22:09:24,082] {processor.py:171} INFO - Processing /home/airflow/.local/lib/python3.7/site-packages/airflow/example_dags/example_time_delta_sensor_async.py took 0.112 seconds
[2021-11-29 22:09:54,581] {processor.py:163} INFO - Started process (PID=299) to work on /home/airflow/.local/lib/python3.7/site-packages/airflow/example_dags/example_time_delta_sensor_async.py
[2021-11-29 22:09:54,583] {processor.py:625} INFO - Processing file /home/airflow/.local/lib/python3.7/site-packages/airflow/example_dags/example_time_delta_sensor_async.py for tasks to queue
[2021-11-29 22:09:54,584] {logging_mixin.py:109} INFO - [2021-11-29 22:09:54,584] {dagbag.py:500} INFO - Filling up the DagBag from /home/airflow/.local/lib/python3.7/site-packages/airflow/example_dags/example_time_delta_sensor_async.py
[2021-11-29 22:09:54,614] {processor.py:637} INFO - DAG(s) dict_keys(['example_time_delta_sensor_async']) retrieved from /home/airflow/.local/lib/python3.7/site-packages/airflow/example_dags/example_time_delta_sensor_async.py
[2021-11-29 22:09:54,623] {logging_mixin.py:109} INFO - [2021-11-29 22:09:54,623] {dag.py:2396} INFO - Sync 1 DAGs
[2021-11-29 22:09:54,636] {logging_mixin.py:109} INFO - [2021-11-29 22:09:54,636] {dag.py:2928} INFO - Setting next_dagrun for example_time_delta_sensor_async to None
[2021-11-29 22:09:54,654] {processor.py:171} INFO - Processing /home/airflow/.local/lib/python3.7/site-packages/airflow/example_dags/example_time_delta_sensor_async.py took 0.080 seconds
[2021-11-29 22:10:25,057] {processor.py:163} INFO - Started process (PID=359) to work on /home/airflow/.local/lib/python3.7/site-packages/airflow/example_dags/example_time_delta_sensor_async.py
[2021-11-29 22:10:25,060] {processor.py:625} INFO - Processing file /home/airflow/.local/lib/python3.7/site-packages/airflow/example_dags/example_time_delta_sensor_async.py for tasks to queue
[2021-11-29 22:10:25,061] {logging_mixin.py:109} INFO - [2021-11-29 22:10:25,061] {dagbag.py:500} INFO - Filling up the DagBag from /home/airflow/.local/lib/python3.7/site-packages/airflow/example_dags/example_time_delta_sensor_async.py
[2021-11-29 22:10:25,102] {processor.py:637} INFO - DAG(s) dict_keys(['example_time_delta_sensor_async']) retrieved from /home/airflow/.local/lib/python3.7/site-packages/airflow/example_dags/example_time_delta_sensor_async.py
[2021-11-29 22:10:25,112] {logging_mixin.py:109} INFO - [2021-11-29 22:10:25,112] {dag.py:2396} INFO - Sync 1 DAGs
[2021-11-29 22:10:25,133] {logging_mixin.py:109} INFO - [2021-11-29 22:10:25,133] {dag.py:2928} INFO - Setting next_dagrun for example_time_delta_sensor_async to None
[2021-11-29 22:10:25,151] {processor.py:171} INFO - Processing /home/airflow/.local/lib/python3.7/site-packages/airflow/example_dags/example_time_delta_sensor_async.py took 0.097 seconds
