[2021-11-29 22:08:58,718] {processor.py:163} INFO - Started process (PID=136) to work on /home/airflow/.local/lib/python3.7/site-packages/airflow/example_dags/example_nested_branch_dag.py
[2021-11-29 22:08:58,720] {processor.py:625} INFO - Processing file /home/airflow/.local/lib/python3.7/site-packages/airflow/example_dags/example_nested_branch_dag.py for tasks to queue
[2021-11-29 22:08:58,720] {logging_mixin.py:109} INFO - [2021-11-29 22:08:58,720] {dagbag.py:500} INFO - Filling up the DagBag from /home/airflow/.local/lib/python3.7/site-packages/airflow/example_dags/example_nested_branch_dag.py
[2021-11-29 22:08:58,750] {processor.py:637} INFO - DAG(s) dict_keys(['example_nested_branch_dag']) retrieved from /home/airflow/.local/lib/python3.7/site-packages/airflow/example_dags/example_nested_branch_dag.py
[2021-11-29 22:09:00,635] {logging_mixin.py:109} INFO - [2021-11-29 22:09:00,635] {providers_manager.py:156} WARNING - Exception when importing 'airflow.providers.google.leveldb.hooks.leveldb.LevelDBHook' from 'apache-airflow-providers-google' package: No module named 'plyvel'
[2021-11-29 22:09:01,020] {logging_mixin.py:109} INFO - [2021-11-29 22:09:01,020] {providers_manager.py:156} WARNING - Exception when importing 'airflow.providers.google.leveldb.hooks.leveldb.LevelDBHook' from 'apache-airflow-providers-google' package: No module named 'plyvel'
[2021-11-29 22:09:01,055] {logging_mixin.py:109} INFO - [2021-11-29 22:09:01,055] {manager.py:496} INFO - Created Permission View: can edit on DAG:example_nested_branch_dag
[2021-11-29 22:09:01,072] {logging_mixin.py:109} INFO - [2021-11-29 22:09:01,072] {manager.py:496} INFO - Created Permission View: can read on DAG:example_nested_branch_dag
[2021-11-29 22:09:01,072] {logging_mixin.py:109} INFO - [2021-11-29 22:09:01,072] {dag.py:2396} INFO - Sync 1 DAGs
[2021-11-29 22:09:01,080] {logging_mixin.py:109} INFO - [2021-11-29 22:09:01,079] {dag.py:2415} INFO - Creating ORM DAG for example_nested_branch_dag
[2021-11-29 22:09:01,089] {logging_mixin.py:109} INFO - [2021-11-29 22:09:01,088] {dag.py:2928} INFO - Setting next_dagrun for example_nested_branch_dag to 2021-11-28 00:00:00+00:00
[2021-11-29 22:09:01,112] {processor.py:171} INFO - Processing /home/airflow/.local/lib/python3.7/site-packages/airflow/example_dags/example_nested_branch_dag.py took 2.397 seconds
[2021-11-29 22:09:31,961] {processor.py:163} INFO - Started process (PID=255) to work on /home/airflow/.local/lib/python3.7/site-packages/airflow/example_dags/example_nested_branch_dag.py
[2021-11-29 22:09:31,964] {processor.py:625} INFO - Processing file /home/airflow/.local/lib/python3.7/site-packages/airflow/example_dags/example_nested_branch_dag.py for tasks to queue
[2021-11-29 22:09:31,966] {logging_mixin.py:109} INFO - [2021-11-29 22:09:31,966] {dagbag.py:500} INFO - Filling up the DagBag from /home/airflow/.local/lib/python3.7/site-packages/airflow/example_dags/example_nested_branch_dag.py
[2021-11-29 22:09:32,032] {processor.py:637} INFO - DAG(s) dict_keys(['example_nested_branch_dag']) retrieved from /home/airflow/.local/lib/python3.7/site-packages/airflow/example_dags/example_nested_branch_dag.py
[2021-11-29 22:09:32,059] {logging_mixin.py:109} INFO - [2021-11-29 22:09:32,059] {dag.py:2396} INFO - Sync 1 DAGs
[2021-11-29 22:09:32,089] {logging_mixin.py:109} INFO - [2021-11-29 22:09:32,089] {dag.py:2928} INFO - Setting next_dagrun for example_nested_branch_dag to 2021-11-28 00:00:00+00:00
[2021-11-29 22:09:32,115] {processor.py:171} INFO - Processing /home/airflow/.local/lib/python3.7/site-packages/airflow/example_dags/example_nested_branch_dag.py took 0.160 seconds
[2021-11-29 22:10:02,507] {processor.py:163} INFO - Started process (PID=316) to work on /home/airflow/.local/lib/python3.7/site-packages/airflow/example_dags/example_nested_branch_dag.py
[2021-11-29 22:10:02,508] {processor.py:625} INFO - Processing file /home/airflow/.local/lib/python3.7/site-packages/airflow/example_dags/example_nested_branch_dag.py for tasks to queue
[2021-11-29 22:10:02,508] {logging_mixin.py:109} INFO - [2021-11-29 22:10:02,508] {dagbag.py:500} INFO - Filling up the DagBag from /home/airflow/.local/lib/python3.7/site-packages/airflow/example_dags/example_nested_branch_dag.py
[2021-11-29 22:10:02,556] {processor.py:637} INFO - DAG(s) dict_keys(['example_nested_branch_dag']) retrieved from /home/airflow/.local/lib/python3.7/site-packages/airflow/example_dags/example_nested_branch_dag.py
[2021-11-29 22:10:02,570] {logging_mixin.py:109} INFO - [2021-11-29 22:10:02,570] {dag.py:2396} INFO - Sync 1 DAGs
[2021-11-29 22:10:02,613] {logging_mixin.py:109} INFO - [2021-11-29 22:10:02,613] {dag.py:2928} INFO - Setting next_dagrun for example_nested_branch_dag to 2021-11-28 00:00:00+00:00
[2021-11-29 22:10:02,641] {processor.py:171} INFO - Processing /home/airflow/.local/lib/python3.7/site-packages/airflow/example_dags/example_nested_branch_dag.py took 0.137 seconds
