[2021-11-29 22:09:10,951] {processor.py:163} INFO - Started process (PID=196) to work on /home/airflow/.local/lib/python3.7/site-packages/airflow/example_dags/example_task_group_decorator.py
[2021-11-29 22:09:10,952] {processor.py:625} INFO - Processing file /home/airflow/.local/lib/python3.7/site-packages/airflow/example_dags/example_task_group_decorator.py for tasks to queue
[2021-11-29 22:09:10,953] {logging_mixin.py:109} INFO - [2021-11-29 22:09:10,953] {dagbag.py:500} INFO - Filling up the DagBag from /home/airflow/.local/lib/python3.7/site-packages/airflow/example_dags/example_task_group_decorator.py
[2021-11-29 22:09:11,002] {processor.py:637} INFO - DAG(s) dict_keys(['example_task_group_decorator']) retrieved from /home/airflow/.local/lib/python3.7/site-packages/airflow/example_dags/example_task_group_decorator.py
[2021-11-29 22:09:12,948] {logging_mixin.py:109} INFO - [2021-11-29 22:09:12,948] {providers_manager.py:156} WARNING - Exception when importing 'airflow.providers.google.leveldb.hooks.leveldb.LevelDBHook' from 'apache-airflow-providers-google' package: No module named 'plyvel'
[2021-11-29 22:09:13,337] {logging_mixin.py:109} INFO - [2021-11-29 22:09:13,337] {providers_manager.py:156} WARNING - Exception when importing 'airflow.providers.google.leveldb.hooks.leveldb.LevelDBHook' from 'apache-airflow-providers-google' package: No module named 'plyvel'
[2021-11-29 22:09:13,379] {logging_mixin.py:109} INFO - [2021-11-29 22:09:13,379] {manager.py:496} INFO - Created Permission View: can edit on DAG:example_task_group_decorator
[2021-11-29 22:09:13,403] {logging_mixin.py:109} INFO - [2021-11-29 22:09:13,403] {manager.py:496} INFO - Created Permission View: can read on DAG:example_task_group_decorator
[2021-11-29 22:09:13,403] {logging_mixin.py:109} INFO - [2021-11-29 22:09:13,403] {dag.py:2396} INFO - Sync 1 DAGs
[2021-11-29 22:09:13,412] {logging_mixin.py:109} INFO - [2021-11-29 22:09:13,412] {dag.py:2415} INFO - Creating ORM DAG for example_task_group_decorator
[2021-11-29 22:09:13,420] {logging_mixin.py:109} INFO - [2021-11-29 22:09:13,420] {dag.py:2928} INFO - Setting next_dagrun for example_task_group_decorator to 2021-11-28T22:09:13.420080+00:00
[2021-11-29 22:09:13,446] {processor.py:171} INFO - Processing /home/airflow/.local/lib/python3.7/site-packages/airflow/example_dags/example_task_group_decorator.py took 2.498 seconds
[2021-11-29 22:09:43,709] {processor.py:163} INFO - Started process (PID=276) to work on /home/airflow/.local/lib/python3.7/site-packages/airflow/example_dags/example_task_group_decorator.py
[2021-11-29 22:09:43,710] {processor.py:625} INFO - Processing file /home/airflow/.local/lib/python3.7/site-packages/airflow/example_dags/example_task_group_decorator.py for tasks to queue
[2021-11-29 22:09:43,711] {logging_mixin.py:109} INFO - [2021-11-29 22:09:43,711] {dagbag.py:500} INFO - Filling up the DagBag from /home/airflow/.local/lib/python3.7/site-packages/airflow/example_dags/example_task_group_decorator.py
[2021-11-29 22:09:43,828] {processor.py:637} INFO - DAG(s) dict_keys(['example_task_group_decorator']) retrieved from /home/airflow/.local/lib/python3.7/site-packages/airflow/example_dags/example_task_group_decorator.py
[2021-11-29 22:09:44,289] {logging_mixin.py:109} INFO - [2021-11-29 22:09:44,289] {dag.py:2396} INFO - Sync 1 DAGs
[2021-11-29 22:09:44,315] {logging_mixin.py:109} INFO - [2021-11-29 22:09:44,315] {dag.py:2928} INFO - Setting next_dagrun for example_task_group_decorator to 2021-11-28T22:09:44.314936+00:00
[2021-11-29 22:09:44,339] {processor.py:171} INFO - Processing /home/airflow/.local/lib/python3.7/site-packages/airflow/example_dags/example_task_group_decorator.py took 0.639 seconds
[2021-11-29 22:10:14,383] {processor.py:163} INFO - Started process (PID=336) to work on /home/airflow/.local/lib/python3.7/site-packages/airflow/example_dags/example_task_group_decorator.py
[2021-11-29 22:10:14,384] {processor.py:625} INFO - Processing file /home/airflow/.local/lib/python3.7/site-packages/airflow/example_dags/example_task_group_decorator.py for tasks to queue
[2021-11-29 22:10:14,385] {logging_mixin.py:109} INFO - [2021-11-29 22:10:14,385] {dagbag.py:500} INFO - Filling up the DagBag from /home/airflow/.local/lib/python3.7/site-packages/airflow/example_dags/example_task_group_decorator.py
[2021-11-29 22:10:14,432] {processor.py:637} INFO - DAG(s) dict_keys(['example_task_group_decorator']) retrieved from /home/airflow/.local/lib/python3.7/site-packages/airflow/example_dags/example_task_group_decorator.py
[2021-11-29 22:10:14,879] {logging_mixin.py:109} INFO - [2021-11-29 22:10:14,879] {dag.py:2396} INFO - Sync 1 DAGs
[2021-11-29 22:10:14,891] {logging_mixin.py:109} INFO - [2021-11-29 22:10:14,891] {dag.py:2928} INFO - Setting next_dagrun for example_task_group_decorator to 2021-11-28T22:10:14.891332+00:00
[2021-11-29 22:10:14,909] {processor.py:171} INFO - Processing /home/airflow/.local/lib/python3.7/site-packages/airflow/example_dags/example_task_group_decorator.py took 0.529 seconds
