[2021-11-29 22:09:13,519] {processor.py:163} INFO - Started process (PID=206) to work on /home/airflow/.local/lib/python3.7/site-packages/airflow/example_dags/example_xcom.py
[2021-11-29 22:09:13,520] {processor.py:625} INFO - Processing file /home/airflow/.local/lib/python3.7/site-packages/airflow/example_dags/example_xcom.py for tasks to queue
[2021-11-29 22:09:13,520] {logging_mixin.py:109} INFO - [2021-11-29 22:09:13,520] {dagbag.py:500} INFO - Filling up the DagBag from /home/airflow/.local/lib/python3.7/site-packages/airflow/example_dags/example_xcom.py
[2021-11-29 22:09:13,548] {processor.py:637} INFO - DAG(s) dict_keys(['example_xcom']) retrieved from /home/airflow/.local/lib/python3.7/site-packages/airflow/example_dags/example_xcom.py
[2021-11-29 22:09:14,991] {logging_mixin.py:109} INFO - [2021-11-29 22:09:14,990] {providers_manager.py:156} WARNING - Exception when importing 'airflow.providers.google.leveldb.hooks.leveldb.LevelDBHook' from 'apache-airflow-providers-google' package: No module named 'plyvel'
[2021-11-29 22:09:15,555] {logging_mixin.py:109} INFO - [2021-11-29 22:09:15,554] {providers_manager.py:156} WARNING - Exception when importing 'airflow.providers.google.leveldb.hooks.leveldb.LevelDBHook' from 'apache-airflow-providers-google' package: No module named 'plyvel'
[2021-11-29 22:09:15,602] {logging_mixin.py:109} INFO - [2021-11-29 22:09:15,602] {manager.py:496} INFO - Created Permission View: can edit on DAG:example_xcom
[2021-11-29 22:09:15,633] {logging_mixin.py:109} INFO - [2021-11-29 22:09:15,633] {manager.py:496} INFO - Created Permission View: can read on DAG:example_xcom
[2021-11-29 22:09:15,633] {logging_mixin.py:109} INFO - [2021-11-29 22:09:15,633] {dag.py:2396} INFO - Sync 1 DAGs
[2021-11-29 22:09:15,647] {logging_mixin.py:109} INFO - [2021-11-29 22:09:15,647] {dag.py:2415} INFO - Creating ORM DAG for example_xcom
[2021-11-29 22:09:15,672] {logging_mixin.py:109} INFO - [2021-11-29 22:09:15,671] {dag.py:2928} INFO - Setting next_dagrun for example_xcom to 2021-01-01T00:00:00+00:00
[2021-11-29 22:09:15,734] {processor.py:171} INFO - Processing /home/airflow/.local/lib/python3.7/site-packages/airflow/example_dags/example_xcom.py took 2.217 seconds
[2021-11-29 22:09:45,941] {processor.py:163} INFO - Started process (PID=278) to work on /home/airflow/.local/lib/python3.7/site-packages/airflow/example_dags/example_xcom.py
[2021-11-29 22:09:45,943] {processor.py:625} INFO - Processing file /home/airflow/.local/lib/python3.7/site-packages/airflow/example_dags/example_xcom.py for tasks to queue
[2021-11-29 22:09:45,944] {logging_mixin.py:109} INFO - [2021-11-29 22:09:45,944] {dagbag.py:500} INFO - Filling up the DagBag from /home/airflow/.local/lib/python3.7/site-packages/airflow/example_dags/example_xcom.py
[2021-11-29 22:09:45,984] {processor.py:637} INFO - DAG(s) dict_keys(['example_xcom']) retrieved from /home/airflow/.local/lib/python3.7/site-packages/airflow/example_dags/example_xcom.py
[2021-11-29 22:09:46,369] {logging_mixin.py:109} INFO - [2021-11-29 22:09:46,369] {dag.py:2396} INFO - Sync 1 DAGs
[2021-11-29 22:09:46,384] {logging_mixin.py:109} INFO - [2021-11-29 22:09:46,384] {dag.py:2928} INFO - Setting next_dagrun for example_xcom to 2021-01-01T00:00:00+00:00
[2021-11-29 22:09:46,404] {processor.py:171} INFO - Processing /home/airflow/.local/lib/python3.7/site-packages/airflow/example_dags/example_xcom.py took 0.466 seconds
[2021-11-29 22:10:16,467] {processor.py:163} INFO - Started process (PID=338) to work on /home/airflow/.local/lib/python3.7/site-packages/airflow/example_dags/example_xcom.py
[2021-11-29 22:10:16,468] {processor.py:625} INFO - Processing file /home/airflow/.local/lib/python3.7/site-packages/airflow/example_dags/example_xcom.py for tasks to queue
[2021-11-29 22:10:16,469] {logging_mixin.py:109} INFO - [2021-11-29 22:10:16,469] {dagbag.py:500} INFO - Filling up the DagBag from /home/airflow/.local/lib/python3.7/site-packages/airflow/example_dags/example_xcom.py
[2021-11-29 22:10:16,492] {processor.py:637} INFO - DAG(s) dict_keys(['example_xcom']) retrieved from /home/airflow/.local/lib/python3.7/site-packages/airflow/example_dags/example_xcom.py
[2021-11-29 22:10:16,780] {logging_mixin.py:109} INFO - [2021-11-29 22:10:16,780] {dag.py:2396} INFO - Sync 1 DAGs
[2021-11-29 22:10:16,795] {logging_mixin.py:109} INFO - [2021-11-29 22:10:16,795] {dag.py:2928} INFO - Setting next_dagrun for example_xcom to 2021-01-01T00:00:00+00:00
[2021-11-29 22:10:16,815] {processor.py:171} INFO - Processing /home/airflow/.local/lib/python3.7/site-packages/airflow/example_dags/example_xcom.py took 0.349 seconds
