[2021-11-29 22:08:20,259] {processor.py:163} INFO - Started process (PID=48) to work on /home/airflow/.local/lib/python3.7/site-packages/airflow/example_dags/example_branch_day_of_week_operator.py
[2021-11-29 22:08:20,276] {processor.py:625} INFO - Processing file /home/airflow/.local/lib/python3.7/site-packages/airflow/example_dags/example_branch_day_of_week_operator.py for tasks to queue
[2021-11-29 22:08:20,277] {logging_mixin.py:109} INFO - [2021-11-29 22:08:20,277] {dagbag.py:500} INFO - Filling up the DagBag from /home/airflow/.local/lib/python3.7/site-packages/airflow/example_dags/example_branch_day_of_week_operator.py
[2021-11-29 22:08:20,360] {processor.py:637} INFO - DAG(s) dict_keys(['example_weekday_branch_operator']) retrieved from /home/airflow/.local/lib/python3.7/site-packages/airflow/example_dags/example_branch_day_of_week_operator.py
[2021-11-29 22:08:30,285] {logging_mixin.py:109} INFO - [2021-11-29 22:08:30,285] {providers_manager.py:156} WARNING - Exception when importing 'airflow.providers.google.leveldb.hooks.leveldb.LevelDBHook' from 'apache-airflow-providers-google' package: No module named 'plyvel'
[2021-11-29 22:08:34,992] {logging_mixin.py:109} INFO - [2021-11-29 22:08:34,991] {providers_manager.py:156} WARNING - Exception when importing 'airflow.providers.google.leveldb.hooks.leveldb.LevelDBHook' from 'apache-airflow-providers-google' package: No module named 'plyvel'
[2021-11-29 22:08:35,102] {logging_mixin.py:109} INFO - [2021-11-29 22:08:35,102] {manager.py:496} INFO - Created Permission View: can edit on DAG:example_weekday_branch_operator
[2021-11-29 22:08:35,142] {logging_mixin.py:109} INFO - [2021-11-29 22:08:35,142] {manager.py:496} INFO - Created Permission View: can read on DAG:example_weekday_branch_operator
[2021-11-29 22:08:35,144] {logging_mixin.py:109} INFO - [2021-11-29 22:08:35,144] {dag.py:2396} INFO - Sync 1 DAGs
[2021-11-29 22:08:35,180] {logging_mixin.py:109} INFO - [2021-11-29 22:08:35,180] {dag.py:2415} INFO - Creating ORM DAG for example_weekday_branch_operator
[2021-11-29 22:08:35,225] {logging_mixin.py:109} INFO - [2021-11-29 22:08:35,225] {dag.py:2928} INFO - Setting next_dagrun for example_weekday_branch_operator to 2021-11-28 00:00:00+00:00
[2021-11-29 22:08:35,263] {processor.py:171} INFO - Processing /home/airflow/.local/lib/python3.7/site-packages/airflow/example_dags/example_branch_day_of_week_operator.py took 15.007 seconds
[2021-11-29 22:09:21,032] {processor.py:163} INFO - Started process (PID=237) to work on /home/airflow/.local/lib/python3.7/site-packages/airflow/example_dags/example_branch_day_of_week_operator.py
[2021-11-29 22:09:21,042] {processor.py:625} INFO - Processing file /home/airflow/.local/lib/python3.7/site-packages/airflow/example_dags/example_branch_day_of_week_operator.py for tasks to queue
[2021-11-29 22:09:21,042] {logging_mixin.py:109} INFO - [2021-11-29 22:09:21,042] {dagbag.py:500} INFO - Filling up the DagBag from /home/airflow/.local/lib/python3.7/site-packages/airflow/example_dags/example_branch_day_of_week_operator.py
[2021-11-29 22:09:21,154] {processor.py:637} INFO - DAG(s) dict_keys(['example_weekday_branch_operator']) retrieved from /home/airflow/.local/lib/python3.7/site-packages/airflow/example_dags/example_branch_day_of_week_operator.py
[2021-11-29 22:09:21,174] {logging_mixin.py:109} INFO - [2021-11-29 22:09:21,174] {dag.py:2396} INFO - Sync 1 DAGs
[2021-11-29 22:09:21,208] {logging_mixin.py:109} INFO - [2021-11-29 22:09:21,208] {dag.py:2928} INFO - Setting next_dagrun for example_weekday_branch_operator to 2021-11-28 00:00:00+00:00
[2021-11-29 22:09:21,234] {processor.py:171} INFO - Processing /home/airflow/.local/lib/python3.7/site-packages/airflow/example_dags/example_branch_day_of_week_operator.py took 0.213 seconds
[2021-11-29 22:09:51,291] {processor.py:163} INFO - Started process (PID=292) to work on /home/airflow/.local/lib/python3.7/site-packages/airflow/example_dags/example_branch_day_of_week_operator.py
[2021-11-29 22:09:51,293] {processor.py:625} INFO - Processing file /home/airflow/.local/lib/python3.7/site-packages/airflow/example_dags/example_branch_day_of_week_operator.py for tasks to queue
[2021-11-29 22:09:51,294] {logging_mixin.py:109} INFO - [2021-11-29 22:09:51,294] {dagbag.py:500} INFO - Filling up the DagBag from /home/airflow/.local/lib/python3.7/site-packages/airflow/example_dags/example_branch_day_of_week_operator.py
[2021-11-29 22:09:51,337] {processor.py:637} INFO - DAG(s) dict_keys(['example_weekday_branch_operator']) retrieved from /home/airflow/.local/lib/python3.7/site-packages/airflow/example_dags/example_branch_day_of_week_operator.py
[2021-11-29 22:09:51,348] {logging_mixin.py:109} INFO - [2021-11-29 22:09:51,348] {dag.py:2396} INFO - Sync 1 DAGs
[2021-11-29 22:09:51,369] {logging_mixin.py:109} INFO - [2021-11-29 22:09:51,369] {dag.py:2928} INFO - Setting next_dagrun for example_weekday_branch_operator to 2021-11-28 00:00:00+00:00
[2021-11-29 22:09:51,387] {processor.py:171} INFO - Processing /home/airflow/.local/lib/python3.7/site-packages/airflow/example_dags/example_branch_day_of_week_operator.py took 0.100 seconds
[2021-11-29 22:10:21,508] {processor.py:163} INFO - Started process (PID=339) to work on /home/airflow/.local/lib/python3.7/site-packages/airflow/example_dags/example_branch_day_of_week_operator.py
[2021-11-29 22:10:21,511] {processor.py:625} INFO - Processing file /home/airflow/.local/lib/python3.7/site-packages/airflow/example_dags/example_branch_day_of_week_operator.py for tasks to queue
[2021-11-29 22:10:21,513] {logging_mixin.py:109} INFO - [2021-11-29 22:10:21,512] {dagbag.py:500} INFO - Filling up the DagBag from /home/airflow/.local/lib/python3.7/site-packages/airflow/example_dags/example_branch_day_of_week_operator.py
[2021-11-29 22:10:21,544] {processor.py:637} INFO - DAG(s) dict_keys(['example_weekday_branch_operator']) retrieved from /home/airflow/.local/lib/python3.7/site-packages/airflow/example_dags/example_branch_day_of_week_operator.py
[2021-11-29 22:10:21,556] {logging_mixin.py:109} INFO - [2021-11-29 22:10:21,556] {dag.py:2396} INFO - Sync 1 DAGs
[2021-11-29 22:10:21,571] {logging_mixin.py:109} INFO - [2021-11-29 22:10:21,571] {dag.py:2928} INFO - Setting next_dagrun for example_weekday_branch_operator to 2021-11-28 00:00:00+00:00
[2021-11-29 22:10:21,587] {processor.py:171} INFO - Processing /home/airflow/.local/lib/python3.7/site-packages/airflow/example_dags/example_branch_day_of_week_operator.py took 0.086 seconds
