[2021-11-29 22:09:20,768] {processor.py:163} INFO - Started process (PID=234) to work on /home/airflow/.local/lib/python3.7/site-packages/airflow/example_dags/example_python_operator.py
[2021-11-29 22:09:20,769] {processor.py:625} INFO - Processing file /home/airflow/.local/lib/python3.7/site-packages/airflow/example_dags/example_python_operator.py for tasks to queue
[2021-11-29 22:09:20,770] {logging_mixin.py:109} INFO - [2021-11-29 22:09:20,769] {dagbag.py:500} INFO - Filling up the DagBag from /home/airflow/.local/lib/python3.7/site-packages/airflow/example_dags/example_python_operator.py
[2021-11-29 22:09:20,809] {processor.py:637} INFO - DAG(s) dict_keys(['example_python_operator']) retrieved from /home/airflow/.local/lib/python3.7/site-packages/airflow/example_dags/example_python_operator.py
[2021-11-29 22:09:23,882] {logging_mixin.py:109} INFO - [2021-11-29 22:09:23,882] {providers_manager.py:156} WARNING - Exception when importing 'airflow.providers.google.leveldb.hooks.leveldb.LevelDBHook' from 'apache-airflow-providers-google' package: No module named 'plyvel'
[2021-11-29 22:09:24,509] {logging_mixin.py:109} INFO - [2021-11-29 22:09:24,508] {providers_manager.py:156} WARNING - Exception when importing 'airflow.providers.google.leveldb.hooks.leveldb.LevelDBHook' from 'apache-airflow-providers-google' package: No module named 'plyvel'
[2021-11-29 22:09:24,559] {logging_mixin.py:109} INFO - [2021-11-29 22:09:24,559] {manager.py:496} INFO - Created Permission View: can edit on DAG:example_python_operator
[2021-11-29 22:09:24,579] {logging_mixin.py:109} INFO - [2021-11-29 22:09:24,579] {manager.py:496} INFO - Created Permission View: can read on DAG:example_python_operator
[2021-11-29 22:09:24,580] {logging_mixin.py:109} INFO - [2021-11-29 22:09:24,580] {dag.py:2396} INFO - Sync 1 DAGs
[2021-11-29 22:09:24,590] {logging_mixin.py:109} INFO - [2021-11-29 22:09:24,590] {dag.py:2415} INFO - Creating ORM DAG for example_python_operator
[2021-11-29 22:09:24,602] {logging_mixin.py:109} INFO - [2021-11-29 22:09:24,602] {dag.py:2928} INFO - Setting next_dagrun for example_python_operator to None
[2021-11-29 22:09:24,626] {processor.py:171} INFO - Processing /home/airflow/.local/lib/python3.7/site-packages/airflow/example_dags/example_python_operator.py took 3.861 seconds
[2021-11-29 22:09:54,668] {processor.py:163} INFO - Started process (PID=300) to work on /home/airflow/.local/lib/python3.7/site-packages/airflow/example_dags/example_python_operator.py
[2021-11-29 22:09:54,669] {processor.py:625} INFO - Processing file /home/airflow/.local/lib/python3.7/site-packages/airflow/example_dags/example_python_operator.py for tasks to queue
[2021-11-29 22:09:54,670] {logging_mixin.py:109} INFO - [2021-11-29 22:09:54,670] {dagbag.py:500} INFO - Filling up the DagBag from /home/airflow/.local/lib/python3.7/site-packages/airflow/example_dags/example_python_operator.py
[2021-11-29 22:09:54,694] {processor.py:637} INFO - DAG(s) dict_keys(['example_python_operator']) retrieved from /home/airflow/.local/lib/python3.7/site-packages/airflow/example_dags/example_python_operator.py
[2021-11-29 22:09:54,704] {logging_mixin.py:109} INFO - [2021-11-29 22:09:54,704] {dag.py:2396} INFO - Sync 1 DAGs
[2021-11-29 22:09:54,721] {logging_mixin.py:109} INFO - [2021-11-29 22:09:54,720] {dag.py:2928} INFO - Setting next_dagrun for example_python_operator to None
[2021-11-29 22:09:54,741] {processor.py:171} INFO - Processing /home/airflow/.local/lib/python3.7/site-packages/airflow/example_dags/example_python_operator.py took 0.075 seconds
[2021-11-29 22:10:25,409] {processor.py:163} INFO - Started process (PID=362) to work on /home/airflow/.local/lib/python3.7/site-packages/airflow/example_dags/example_python_operator.py
[2021-11-29 22:10:25,410] {processor.py:625} INFO - Processing file /home/airflow/.local/lib/python3.7/site-packages/airflow/example_dags/example_python_operator.py for tasks to queue
[2021-11-29 22:10:25,411] {logging_mixin.py:109} INFO - [2021-11-29 22:10:25,411] {dagbag.py:500} INFO - Filling up the DagBag from /home/airflow/.local/lib/python3.7/site-packages/airflow/example_dags/example_python_operator.py
[2021-11-29 22:10:25,441] {processor.py:637} INFO - DAG(s) dict_keys(['example_python_operator']) retrieved from /home/airflow/.local/lib/python3.7/site-packages/airflow/example_dags/example_python_operator.py
[2021-11-29 22:10:25,453] {logging_mixin.py:109} INFO - [2021-11-29 22:10:25,452] {dag.py:2396} INFO - Sync 1 DAGs
[2021-11-29 22:10:25,471] {logging_mixin.py:109} INFO - [2021-11-29 22:10:25,471] {dag.py:2928} INFO - Setting next_dagrun for example_python_operator to None
[2021-11-29 22:10:25,488] {processor.py:171} INFO - Processing /home/airflow/.local/lib/python3.7/site-packages/airflow/example_dags/example_python_operator.py took 0.082 seconds
