[2021-11-29 22:08:51,191] {processor.py:163} INFO - Started process (PID=106) to work on /home/airflow/.local/lib/python3.7/site-packages/airflow/example_dags/example_latest_only.py
[2021-11-29 22:08:51,192] {processor.py:625} INFO - Processing file /home/airflow/.local/lib/python3.7/site-packages/airflow/example_dags/example_latest_only.py for tasks to queue
[2021-11-29 22:08:51,193] {logging_mixin.py:109} INFO - [2021-11-29 22:08:51,193] {dagbag.py:500} INFO - Filling up the DagBag from /home/airflow/.local/lib/python3.7/site-packages/airflow/example_dags/example_latest_only.py
[2021-11-29 22:08:51,320] {processor.py:637} INFO - DAG(s) dict_keys(['latest_only']) retrieved from /home/airflow/.local/lib/python3.7/site-packages/airflow/example_dags/example_latest_only.py
[2021-11-29 22:08:53,898] {logging_mixin.py:109} INFO - [2021-11-29 22:08:53,898] {providers_manager.py:156} WARNING - Exception when importing 'airflow.providers.google.leveldb.hooks.leveldb.LevelDBHook' from 'apache-airflow-providers-google' package: No module named 'plyvel'
[2021-11-29 22:08:54,311] {logging_mixin.py:109} INFO - [2021-11-29 22:08:54,311] {providers_manager.py:156} WARNING - Exception when importing 'airflow.providers.google.leveldb.hooks.leveldb.LevelDBHook' from 'apache-airflow-providers-google' package: No module named 'plyvel'
[2021-11-29 22:08:54,346] {logging_mixin.py:109} INFO - [2021-11-29 22:08:54,346] {manager.py:496} INFO - Created Permission View: can edit on DAG:latest_only
[2021-11-29 22:08:54,361] {logging_mixin.py:109} INFO - [2021-11-29 22:08:54,361] {manager.py:496} INFO - Created Permission View: can read on DAG:latest_only
[2021-11-29 22:08:54,361] {logging_mixin.py:109} INFO - [2021-11-29 22:08:54,361] {dag.py:2396} INFO - Sync 1 DAGs
[2021-11-29 22:08:54,370] {logging_mixin.py:109} INFO - [2021-11-29 22:08:54,369] {dag.py:2415} INFO - Creating ORM DAG for latest_only
[2021-11-29 22:08:54,378] {logging_mixin.py:109} INFO - [2021-11-29 22:08:54,378] {dag.py:2928} INFO - Setting next_dagrun for latest_only to 2021-11-29T18:08:54.377984+00:00
[2021-11-29 22:08:54,398] {processor.py:171} INFO - Processing /home/airflow/.local/lib/python3.7/site-packages/airflow/example_dags/example_latest_only.py took 3.222 seconds
[2021-11-29 22:09:24,658] {processor.py:163} INFO - Started process (PID=249) to work on /home/airflow/.local/lib/python3.7/site-packages/airflow/example_dags/example_latest_only.py
[2021-11-29 22:09:24,660] {processor.py:625} INFO - Processing file /home/airflow/.local/lib/python3.7/site-packages/airflow/example_dags/example_latest_only.py for tasks to queue
[2021-11-29 22:09:24,661] {logging_mixin.py:109} INFO - [2021-11-29 22:09:24,660] {dagbag.py:500} INFO - Filling up the DagBag from /home/airflow/.local/lib/python3.7/site-packages/airflow/example_dags/example_latest_only.py
[2021-11-29 22:09:24,700] {processor.py:637} INFO - DAG(s) dict_keys(['latest_only']) retrieved from /home/airflow/.local/lib/python3.7/site-packages/airflow/example_dags/example_latest_only.py
[2021-11-29 22:09:24,710] {logging_mixin.py:109} INFO - [2021-11-29 22:09:24,709] {dag.py:2396} INFO - Sync 1 DAGs
[2021-11-29 22:09:24,735] {logging_mixin.py:109} INFO - [2021-11-29 22:09:24,735] {dag.py:2928} INFO - Setting next_dagrun for latest_only to 2021-11-29T18:09:24.735083+00:00
[2021-11-29 22:09:24,754] {processor.py:171} INFO - Processing /home/airflow/.local/lib/python3.7/site-packages/airflow/example_dags/example_latest_only.py took 0.099 seconds
[2021-11-29 22:09:54,918] {processor.py:163} INFO - Started process (PID=301) to work on /home/airflow/.local/lib/python3.7/site-packages/airflow/example_dags/example_latest_only.py
[2021-11-29 22:09:54,920] {processor.py:625} INFO - Processing file /home/airflow/.local/lib/python3.7/site-packages/airflow/example_dags/example_latest_only.py for tasks to queue
[2021-11-29 22:09:54,920] {logging_mixin.py:109} INFO - [2021-11-29 22:09:54,920] {dagbag.py:500} INFO - Filling up the DagBag from /home/airflow/.local/lib/python3.7/site-packages/airflow/example_dags/example_latest_only.py
[2021-11-29 22:09:54,944] {processor.py:637} INFO - DAG(s) dict_keys(['latest_only']) retrieved from /home/airflow/.local/lib/python3.7/site-packages/airflow/example_dags/example_latest_only.py
[2021-11-29 22:09:54,952] {logging_mixin.py:109} INFO - [2021-11-29 22:09:54,952] {dag.py:2396} INFO - Sync 1 DAGs
[2021-11-29 22:09:54,968] {logging_mixin.py:109} INFO - [2021-11-29 22:09:54,968] {dag.py:2928} INFO - Setting next_dagrun for latest_only to 2021-11-29T18:09:54.967945+00:00
[2021-11-29 22:09:54,983] {processor.py:171} INFO - Processing /home/airflow/.local/lib/python3.7/site-packages/airflow/example_dags/example_latest_only.py took 0.067 seconds
[2021-11-29 22:10:25,170] {processor.py:163} INFO - Started process (PID=360) to work on /home/airflow/.local/lib/python3.7/site-packages/airflow/example_dags/example_latest_only.py
[2021-11-29 22:10:25,172] {processor.py:625} INFO - Processing file /home/airflow/.local/lib/python3.7/site-packages/airflow/example_dags/example_latest_only.py for tasks to queue
[2021-11-29 22:10:25,172] {logging_mixin.py:109} INFO - [2021-11-29 22:10:25,172] {dagbag.py:500} INFO - Filling up the DagBag from /home/airflow/.local/lib/python3.7/site-packages/airflow/example_dags/example_latest_only.py
[2021-11-29 22:10:25,203] {processor.py:637} INFO - DAG(s) dict_keys(['latest_only']) retrieved from /home/airflow/.local/lib/python3.7/site-packages/airflow/example_dags/example_latest_only.py
[2021-11-29 22:10:25,221] {logging_mixin.py:109} INFO - [2021-11-29 22:10:25,221] {dag.py:2396} INFO - Sync 1 DAGs
[2021-11-29 22:10:25,258] {logging_mixin.py:109} INFO - [2021-11-29 22:10:25,258] {dag.py:2928} INFO - Setting next_dagrun for latest_only to 2021-11-29T18:10:25.258241+00:00
[2021-11-29 22:10:25,283] {processor.py:171} INFO - Processing /home/airflow/.local/lib/python3.7/site-packages/airflow/example_dags/example_latest_only.py took 0.115 seconds
