[2021-11-29 22:09:01,184] {processor.py:163} INFO - Started process (PID=146) to work on /home/airflow/.local/lib/python3.7/site-packages/airflow/example_dags/example_task_group.py
[2021-11-29 22:09:01,185] {processor.py:625} INFO - Processing file /home/airflow/.local/lib/python3.7/site-packages/airflow/example_dags/example_task_group.py for tasks to queue
[2021-11-29 22:09:01,186] {logging_mixin.py:109} INFO - [2021-11-29 22:09:01,186] {dagbag.py:500} INFO - Filling up the DagBag from /home/airflow/.local/lib/python3.7/site-packages/airflow/example_dags/example_task_group.py
[2021-11-29 22:09:01,233] {processor.py:637} INFO - DAG(s) dict_keys(['example_task_group']) retrieved from /home/airflow/.local/lib/python3.7/site-packages/airflow/example_dags/example_task_group.py
[2021-11-29 22:09:03,161] {logging_mixin.py:109} INFO - [2021-11-29 22:09:03,161] {providers_manager.py:156} WARNING - Exception when importing 'airflow.providers.google.leveldb.hooks.leveldb.LevelDBHook' from 'apache-airflow-providers-google' package: No module named 'plyvel'
[2021-11-29 22:09:03,721] {logging_mixin.py:109} INFO - [2021-11-29 22:09:03,721] {providers_manager.py:156} WARNING - Exception when importing 'airflow.providers.google.leveldb.hooks.leveldb.LevelDBHook' from 'apache-airflow-providers-google' package: No module named 'plyvel'
[2021-11-29 22:09:03,763] {logging_mixin.py:109} INFO - [2021-11-29 22:09:03,763] {manager.py:496} INFO - Created Permission View: can edit on DAG:example_task_group
[2021-11-29 22:09:03,789] {logging_mixin.py:109} INFO - [2021-11-29 22:09:03,789] {manager.py:496} INFO - Created Permission View: can read on DAG:example_task_group
[2021-11-29 22:09:03,790] {logging_mixin.py:109} INFO - [2021-11-29 22:09:03,789] {dag.py:2396} INFO - Sync 1 DAGs
[2021-11-29 22:09:03,811] {logging_mixin.py:109} INFO - [2021-11-29 22:09:03,810] {dag.py:2415} INFO - Creating ORM DAG for example_task_group
[2021-11-29 22:09:03,826] {logging_mixin.py:109} INFO - [2021-11-29 22:09:03,826] {dag.py:2928} INFO - Setting next_dagrun for example_task_group to 2021-11-28T22:09:03.826004+00:00
[2021-11-29 22:09:03,892] {processor.py:171} INFO - Processing /home/airflow/.local/lib/python3.7/site-packages/airflow/example_dags/example_task_group.py took 2.713 seconds
[2021-11-29 22:09:34,143] {processor.py:163} INFO - Started process (PID=257) to work on /home/airflow/.local/lib/python3.7/site-packages/airflow/example_dags/example_task_group.py
[2021-11-29 22:09:34,146] {processor.py:625} INFO - Processing file /home/airflow/.local/lib/python3.7/site-packages/airflow/example_dags/example_task_group.py for tasks to queue
[2021-11-29 22:09:34,146] {logging_mixin.py:109} INFO - [2021-11-29 22:09:34,146] {dagbag.py:500} INFO - Filling up the DagBag from /home/airflow/.local/lib/python3.7/site-packages/airflow/example_dags/example_task_group.py
[2021-11-29 22:09:34,186] {processor.py:637} INFO - DAG(s) dict_keys(['example_task_group']) retrieved from /home/airflow/.local/lib/python3.7/site-packages/airflow/example_dags/example_task_group.py
[2021-11-29 22:09:34,198] {logging_mixin.py:109} INFO - [2021-11-29 22:09:34,198] {dag.py:2396} INFO - Sync 1 DAGs
[2021-11-29 22:09:34,214] {logging_mixin.py:109} INFO - [2021-11-29 22:09:34,214] {dag.py:2928} INFO - Setting next_dagrun for example_task_group to 2021-11-28T22:09:34.214238+00:00
[2021-11-29 22:09:34,233] {processor.py:171} INFO - Processing /home/airflow/.local/lib/python3.7/site-packages/airflow/example_dags/example_task_group.py took 0.093 seconds
[2021-11-29 22:10:04,683] {processor.py:163} INFO - Started process (PID=318) to work on /home/airflow/.local/lib/python3.7/site-packages/airflow/example_dags/example_task_group.py
[2021-11-29 22:10:04,687] {processor.py:625} INFO - Processing file /home/airflow/.local/lib/python3.7/site-packages/airflow/example_dags/example_task_group.py for tasks to queue
[2021-11-29 22:10:04,687] {logging_mixin.py:109} INFO - [2021-11-29 22:10:04,687] {dagbag.py:500} INFO - Filling up the DagBag from /home/airflow/.local/lib/python3.7/site-packages/airflow/example_dags/example_task_group.py
[2021-11-29 22:10:04,738] {processor.py:637} INFO - DAG(s) dict_keys(['example_task_group']) retrieved from /home/airflow/.local/lib/python3.7/site-packages/airflow/example_dags/example_task_group.py
[2021-11-29 22:10:04,757] {logging_mixin.py:109} INFO - [2021-11-29 22:10:04,757] {dag.py:2396} INFO - Sync 1 DAGs
[2021-11-29 22:10:04,779] {logging_mixin.py:109} INFO - [2021-11-29 22:10:04,778] {dag.py:2928} INFO - Setting next_dagrun for example_task_group to 2021-11-28T22:10:04.778157+00:00
[2021-11-29 22:10:04,803] {processor.py:171} INFO - Processing /home/airflow/.local/lib/python3.7/site-packages/airflow/example_dags/example_task_group.py took 0.124 seconds
