[2021-11-29 22:08:43,231] {processor.py:163} INFO - Started process (PID=87) to work on /home/airflow/.local/lib/python3.7/site-packages/airflow/example_dags/example_dag_decorator.py
[2021-11-29 22:08:43,233] {processor.py:625} INFO - Processing file /home/airflow/.local/lib/python3.7/site-packages/airflow/example_dags/example_dag_decorator.py for tasks to queue
[2021-11-29 22:08:43,233] {logging_mixin.py:109} INFO - [2021-11-29 22:08:43,233] {dagbag.py:500} INFO - Filling up the DagBag from /home/airflow/.local/lib/python3.7/site-packages/airflow/example_dags/example_dag_decorator.py
[2021-11-29 22:08:43,328] {processor.py:637} INFO - DAG(s) dict_keys(['example_dag_decorator']) retrieved from /home/airflow/.local/lib/python3.7/site-packages/airflow/example_dags/example_dag_decorator.py
[2021-11-29 22:08:49,250] {logging_mixin.py:109} INFO - [2021-11-29 22:08:49,249] {providers_manager.py:156} WARNING - Exception when importing 'airflow.providers.google.leveldb.hooks.leveldb.LevelDBHook' from 'apache-airflow-providers-google' package: No module named 'plyvel'
[2021-11-29 22:08:50,706] {logging_mixin.py:109} INFO - [2021-11-29 22:08:50,706] {providers_manager.py:156} WARNING - Exception when importing 'airflow.providers.google.leveldb.hooks.leveldb.LevelDBHook' from 'apache-airflow-providers-google' package: No module named 'plyvel'
[2021-11-29 22:08:50,777] {logging_mixin.py:109} INFO - [2021-11-29 22:08:50,777] {manager.py:496} INFO - Created Permission View: can edit on DAG:example_dag_decorator
[2021-11-29 22:08:50,832] {logging_mixin.py:109} INFO - [2021-11-29 22:08:50,831] {manager.py:496} INFO - Created Permission View: can read on DAG:example_dag_decorator
[2021-11-29 22:08:50,834] {logging_mixin.py:109} INFO - [2021-11-29 22:08:50,833] {dag.py:2396} INFO - Sync 1 DAGs
[2021-11-29 22:08:50,894] {logging_mixin.py:109} INFO - [2021-11-29 22:08:50,886] {dag.py:2415} INFO - Creating ORM DAG for example_dag_decorator
[2021-11-29 22:08:50,936] {logging_mixin.py:109} INFO - [2021-11-29 22:08:50,936] {dag.py:2928} INFO - Setting next_dagrun for example_dag_decorator to None
[2021-11-29 22:08:50,982] {processor.py:171} INFO - Processing /home/airflow/.local/lib/python3.7/site-packages/airflow/example_dags/example_dag_decorator.py took 7.771 seconds
[2021-11-29 22:09:22,905] {processor.py:163} INFO - Started process (PID=247) to work on /home/airflow/.local/lib/python3.7/site-packages/airflow/example_dags/example_dag_decorator.py
[2021-11-29 22:09:22,908] {processor.py:625} INFO - Processing file /home/airflow/.local/lib/python3.7/site-packages/airflow/example_dags/example_dag_decorator.py for tasks to queue
[2021-11-29 22:09:22,909] {logging_mixin.py:109} INFO - [2021-11-29 22:09:22,909] {dagbag.py:500} INFO - Filling up the DagBag from /home/airflow/.local/lib/python3.7/site-packages/airflow/example_dags/example_dag_decorator.py
[2021-11-29 22:09:22,960] {processor.py:637} INFO - DAG(s) dict_keys(['example_dag_decorator']) retrieved from /home/airflow/.local/lib/python3.7/site-packages/airflow/example_dags/example_dag_decorator.py
[2021-11-29 22:09:23,867] {logging_mixin.py:109} INFO - [2021-11-29 22:09:23,867] {dag.py:2396} INFO - Sync 1 DAGs
[2021-11-29 22:09:23,899] {logging_mixin.py:109} INFO - [2021-11-29 22:09:23,899] {dag.py:2928} INFO - Setting next_dagrun for example_dag_decorator to None
[2021-11-29 22:09:23,931] {processor.py:171} INFO - Processing /home/airflow/.local/lib/python3.7/site-packages/airflow/example_dags/example_dag_decorator.py took 1.029 seconds
[2021-11-29 22:09:54,573] {processor.py:163} INFO - Started process (PID=298) to work on /home/airflow/.local/lib/python3.7/site-packages/airflow/example_dags/example_dag_decorator.py
[2021-11-29 22:09:54,575] {processor.py:625} INFO - Processing file /home/airflow/.local/lib/python3.7/site-packages/airflow/example_dags/example_dag_decorator.py for tasks to queue
[2021-11-29 22:09:54,577] {logging_mixin.py:109} INFO - [2021-11-29 22:09:54,576] {dagbag.py:500} INFO - Filling up the DagBag from /home/airflow/.local/lib/python3.7/site-packages/airflow/example_dags/example_dag_decorator.py
[2021-11-29 22:09:54,617] {processor.py:637} INFO - DAG(s) dict_keys(['example_dag_decorator']) retrieved from /home/airflow/.local/lib/python3.7/site-packages/airflow/example_dags/example_dag_decorator.py
[2021-11-29 22:09:54,878] {logging_mixin.py:109} INFO - [2021-11-29 22:09:54,878] {dag.py:2396} INFO - Sync 1 DAGs
[2021-11-29 22:09:54,889] {logging_mixin.py:109} INFO - [2021-11-29 22:09:54,888] {dag.py:2928} INFO - Setting next_dagrun for example_dag_decorator to None
[2021-11-29 22:09:54,904] {processor.py:171} INFO - Processing /home/airflow/.local/lib/python3.7/site-packages/airflow/example_dags/example_dag_decorator.py took 0.340 seconds
[2021-11-29 22:10:25,043] {processor.py:163} INFO - Started process (PID=358) to work on /home/airflow/.local/lib/python3.7/site-packages/airflow/example_dags/example_dag_decorator.py
[2021-11-29 22:10:25,045] {processor.py:625} INFO - Processing file /home/airflow/.local/lib/python3.7/site-packages/airflow/example_dags/example_dag_decorator.py for tasks to queue
[2021-11-29 22:10:25,048] {logging_mixin.py:109} INFO - [2021-11-29 22:10:25,048] {dagbag.py:500} INFO - Filling up the DagBag from /home/airflow/.local/lib/python3.7/site-packages/airflow/example_dags/example_dag_decorator.py
[2021-11-29 22:10:25,096] {processor.py:637} INFO - DAG(s) dict_keys(['example_dag_decorator']) retrieved from /home/airflow/.local/lib/python3.7/site-packages/airflow/example_dags/example_dag_decorator.py
[2021-11-29 22:10:25,512] {logging_mixin.py:109} INFO - [2021-11-29 22:10:25,512] {dag.py:2396} INFO - Sync 1 DAGs
[2021-11-29 22:10:25,525] {logging_mixin.py:109} INFO - [2021-11-29 22:10:25,525] {dag.py:2928} INFO - Setting next_dagrun for example_dag_decorator to None
[2021-11-29 22:10:25,543] {processor.py:171} INFO - Processing /home/airflow/.local/lib/python3.7/site-packages/airflow/example_dags/example_dag_decorator.py took 0.504 seconds
