[2021-11-29 22:09:06,758] {processor.py:163} INFO - Started process (PID=176) to work on /home/airflow/.local/lib/python3.7/site-packages/airflow/example_dags/example_skip_dag.py
[2021-11-29 22:09:06,759] {processor.py:625} INFO - Processing file /home/airflow/.local/lib/python3.7/site-packages/airflow/example_dags/example_skip_dag.py for tasks to queue
[2021-11-29 22:09:06,760] {logging_mixin.py:109} INFO - [2021-11-29 22:09:06,760] {dagbag.py:500} INFO - Filling up the DagBag from /home/airflow/.local/lib/python3.7/site-packages/airflow/example_dags/example_skip_dag.py
[2021-11-29 22:09:06,791] {processor.py:637} INFO - DAG(s) dict_keys(['example_skip_dag']) retrieved from /home/airflow/.local/lib/python3.7/site-packages/airflow/example_dags/example_skip_dag.py
[2021-11-29 22:09:08,465] {logging_mixin.py:109} INFO - [2021-11-29 22:09:08,464] {providers_manager.py:156} WARNING - Exception when importing 'airflow.providers.google.leveldb.hooks.leveldb.LevelDBHook' from 'apache-airflow-providers-google' package: No module named 'plyvel'
[2021-11-29 22:09:08,862] {logging_mixin.py:109} INFO - [2021-11-29 22:09:08,862] {providers_manager.py:156} WARNING - Exception when importing 'airflow.providers.google.leveldb.hooks.leveldb.LevelDBHook' from 'apache-airflow-providers-google' package: No module named 'plyvel'
[2021-11-29 22:09:08,907] {logging_mixin.py:109} INFO - [2021-11-29 22:09:08,907] {manager.py:496} INFO - Created Permission View: can edit on DAG:example_skip_dag
[2021-11-29 22:09:08,924] {logging_mixin.py:109} INFO - [2021-11-29 22:09:08,924] {manager.py:496} INFO - Created Permission View: can read on DAG:example_skip_dag
[2021-11-29 22:09:08,925] {logging_mixin.py:109} INFO - [2021-11-29 22:09:08,924] {dag.py:2396} INFO - Sync 1 DAGs
[2021-11-29 22:09:08,932] {logging_mixin.py:109} INFO - [2021-11-29 22:09:08,932] {dag.py:2415} INFO - Creating ORM DAG for example_skip_dag
[2021-11-29 22:09:08,940] {logging_mixin.py:109} INFO - [2021-11-29 22:09:08,940] {dag.py:2928} INFO - Setting next_dagrun for example_skip_dag to 2021-11-28T22:09:08.940641+00:00
[2021-11-29 22:09:08,963] {processor.py:171} INFO - Processing /home/airflow/.local/lib/python3.7/site-packages/airflow/example_dags/example_skip_dag.py took 2.208 seconds
[2021-11-29 22:09:39,388] {processor.py:163} INFO - Started process (PID=272) to work on /home/airflow/.local/lib/python3.7/site-packages/airflow/example_dags/example_skip_dag.py
[2021-11-29 22:09:39,390] {processor.py:625} INFO - Processing file /home/airflow/.local/lib/python3.7/site-packages/airflow/example_dags/example_skip_dag.py for tasks to queue
[2021-11-29 22:09:39,392] {logging_mixin.py:109} INFO - [2021-11-29 22:09:39,391] {dagbag.py:500} INFO - Filling up the DagBag from /home/airflow/.local/lib/python3.7/site-packages/airflow/example_dags/example_skip_dag.py
[2021-11-29 22:09:39,465] {processor.py:637} INFO - DAG(s) dict_keys(['example_skip_dag']) retrieved from /home/airflow/.local/lib/python3.7/site-packages/airflow/example_dags/example_skip_dag.py
[2021-11-29 22:09:39,487] {logging_mixin.py:109} INFO - [2021-11-29 22:09:39,487] {dag.py:2396} INFO - Sync 1 DAGs
[2021-11-29 22:09:39,510] {logging_mixin.py:109} INFO - [2021-11-29 22:09:39,510] {dag.py:2928} INFO - Setting next_dagrun for example_skip_dag to 2021-11-28T22:09:39.510076+00:00
[2021-11-29 22:09:39,535] {processor.py:171} INFO - Processing /home/airflow/.local/lib/python3.7/site-packages/airflow/example_dags/example_skip_dag.py took 0.156 seconds
[2021-11-29 22:10:09,996] {processor.py:163} INFO - Started process (PID=323) to work on /home/airflow/.local/lib/python3.7/site-packages/airflow/example_dags/example_skip_dag.py
[2021-11-29 22:10:09,998] {processor.py:625} INFO - Processing file /home/airflow/.local/lib/python3.7/site-packages/airflow/example_dags/example_skip_dag.py for tasks to queue
[2021-11-29 22:10:09,999] {logging_mixin.py:109} INFO - [2021-11-29 22:10:09,999] {dagbag.py:500} INFO - Filling up the DagBag from /home/airflow/.local/lib/python3.7/site-packages/airflow/example_dags/example_skip_dag.py
[2021-11-29 22:10:10,036] {processor.py:637} INFO - DAG(s) dict_keys(['example_skip_dag']) retrieved from /home/airflow/.local/lib/python3.7/site-packages/airflow/example_dags/example_skip_dag.py
[2021-11-29 22:10:10,050] {logging_mixin.py:109} INFO - [2021-11-29 22:10:10,050] {dag.py:2396} INFO - Sync 1 DAGs
[2021-11-29 22:10:10,071] {logging_mixin.py:109} INFO - [2021-11-29 22:10:10,071] {dag.py:2928} INFO - Setting next_dagrun for example_skip_dag to 2021-11-28T22:10:10.071134+00:00
[2021-11-29 22:10:10,099] {processor.py:171} INFO - Processing /home/airflow/.local/lib/python3.7/site-packages/airflow/example_dags/example_skip_dag.py took 0.107 seconds
