[2021-11-29 22:08:54,568] {processor.py:163} INFO - Started process (PID=117) to work on /home/airflow/.local/lib/python3.7/site-packages/airflow/example_dags/example_branch_datetime_operator.py
[2021-11-29 22:08:54,569] {processor.py:625} INFO - Processing file /home/airflow/.local/lib/python3.7/site-packages/airflow/example_dags/example_branch_datetime_operator.py for tasks to queue
[2021-11-29 22:08:54,569] {logging_mixin.py:109} INFO - [2021-11-29 22:08:54,569] {dagbag.py:500} INFO - Filling up the DagBag from /home/airflow/.local/lib/python3.7/site-packages/airflow/example_dags/example_branch_datetime_operator.py
[2021-11-29 22:08:54,597] {processor.py:637} INFO - DAG(s) dict_keys(['example_branch_datetime_operator_2']) retrieved from /home/airflow/.local/lib/python3.7/site-packages/airflow/example_dags/example_branch_datetime_operator.py
[2021-11-29 22:08:55,960] {logging_mixin.py:109} INFO - [2021-11-29 22:08:55,960] {providers_manager.py:156} WARNING - Exception when importing 'airflow.providers.google.leveldb.hooks.leveldb.LevelDBHook' from 'apache-airflow-providers-google' package: No module named 'plyvel'
[2021-11-29 22:08:56,309] {logging_mixin.py:109} INFO - [2021-11-29 22:08:56,308] {providers_manager.py:156} WARNING - Exception when importing 'airflow.providers.google.leveldb.hooks.leveldb.LevelDBHook' from 'apache-airflow-providers-google' package: No module named 'plyvel'
[2021-11-29 22:08:56,352] {logging_mixin.py:109} INFO - [2021-11-29 22:08:56,352] {manager.py:496} INFO - Created Permission View: can edit on DAG:example_branch_datetime_operator_2
[2021-11-29 22:08:56,385] {logging_mixin.py:109} INFO - [2021-11-29 22:08:56,385] {manager.py:496} INFO - Created Permission View: can read on DAG:example_branch_datetime_operator_2
[2021-11-29 22:08:56,386] {logging_mixin.py:109} INFO - [2021-11-29 22:08:56,385] {dag.py:2396} INFO - Sync 1 DAGs
[2021-11-29 22:08:56,394] {logging_mixin.py:109} INFO - [2021-11-29 22:08:56,393] {dag.py:2415} INFO - Creating ORM DAG for example_branch_datetime_operator_2
[2021-11-29 22:08:56,408] {logging_mixin.py:109} INFO - [2021-11-29 22:08:56,407] {dag.py:2928} INFO - Setting next_dagrun for example_branch_datetime_operator_2 to 2021-11-28 00:00:00+00:00
[2021-11-29 22:08:56,435] {processor.py:171} INFO - Processing /home/airflow/.local/lib/python3.7/site-packages/airflow/example_dags/example_branch_datetime_operator.py took 1.871 seconds
[2021-11-29 22:09:26,792] {processor.py:163} INFO - Started process (PID=252) to work on /home/airflow/.local/lib/python3.7/site-packages/airflow/example_dags/example_branch_datetime_operator.py
[2021-11-29 22:09:26,793] {processor.py:625} INFO - Processing file /home/airflow/.local/lib/python3.7/site-packages/airflow/example_dags/example_branch_datetime_operator.py for tasks to queue
[2021-11-29 22:09:26,794] {logging_mixin.py:109} INFO - [2021-11-29 22:09:26,793] {dagbag.py:500} INFO - Filling up the DagBag from /home/airflow/.local/lib/python3.7/site-packages/airflow/example_dags/example_branch_datetime_operator.py
[2021-11-29 22:09:26,840] {processor.py:637} INFO - DAG(s) dict_keys(['example_branch_datetime_operator_2']) retrieved from /home/airflow/.local/lib/python3.7/site-packages/airflow/example_dags/example_branch_datetime_operator.py
[2021-11-29 22:09:26,850] {logging_mixin.py:109} INFO - [2021-11-29 22:09:26,850] {dag.py:2396} INFO - Sync 1 DAGs
[2021-11-29 22:09:26,871] {logging_mixin.py:109} INFO - [2021-11-29 22:09:26,871] {dag.py:2928} INFO - Setting next_dagrun for example_branch_datetime_operator_2 to 2021-11-28 00:00:00+00:00
[2021-11-29 22:09:26,894] {processor.py:171} INFO - Processing /home/airflow/.local/lib/python3.7/site-packages/airflow/example_dags/example_branch_datetime_operator.py took 0.106 seconds
[2021-11-29 22:09:57,008] {processor.py:163} INFO - Started process (PID=303) to work on /home/airflow/.local/lib/python3.7/site-packages/airflow/example_dags/example_branch_datetime_operator.py
[2021-11-29 22:09:57,008] {processor.py:625} INFO - Processing file /home/airflow/.local/lib/python3.7/site-packages/airflow/example_dags/example_branch_datetime_operator.py for tasks to queue
[2021-11-29 22:09:57,009] {logging_mixin.py:109} INFO - [2021-11-29 22:09:57,009] {dagbag.py:500} INFO - Filling up the DagBag from /home/airflow/.local/lib/python3.7/site-packages/airflow/example_dags/example_branch_datetime_operator.py
[2021-11-29 22:09:57,036] {processor.py:637} INFO - DAG(s) dict_keys(['example_branch_datetime_operator_2']) retrieved from /home/airflow/.local/lib/python3.7/site-packages/airflow/example_dags/example_branch_datetime_operator.py
[2021-11-29 22:09:57,043] {logging_mixin.py:109} INFO - [2021-11-29 22:09:57,043] {dag.py:2396} INFO - Sync 1 DAGs
[2021-11-29 22:09:57,059] {logging_mixin.py:109} INFO - [2021-11-29 22:09:57,059] {dag.py:2928} INFO - Setting next_dagrun for example_branch_datetime_operator_2 to 2021-11-28 00:00:00+00:00
[2021-11-29 22:09:57,075] {processor.py:171} INFO - Processing /home/airflow/.local/lib/python3.7/site-packages/airflow/example_dags/example_branch_datetime_operator.py took 0.070 seconds
[2021-11-29 22:10:27,518] {processor.py:163} INFO - Started process (PID=363) to work on /home/airflow/.local/lib/python3.7/site-packages/airflow/example_dags/example_branch_datetime_operator.py
[2021-11-29 22:10:27,520] {processor.py:625} INFO - Processing file /home/airflow/.local/lib/python3.7/site-packages/airflow/example_dags/example_branch_datetime_operator.py for tasks to queue
[2021-11-29 22:10:27,520] {logging_mixin.py:109} INFO - [2021-11-29 22:10:27,520] {dagbag.py:500} INFO - Filling up the DagBag from /home/airflow/.local/lib/python3.7/site-packages/airflow/example_dags/example_branch_datetime_operator.py
[2021-11-29 22:10:27,565] {processor.py:637} INFO - DAG(s) dict_keys(['example_branch_datetime_operator_2']) retrieved from /home/airflow/.local/lib/python3.7/site-packages/airflow/example_dags/example_branch_datetime_operator.py
[2021-11-29 22:10:27,579] {logging_mixin.py:109} INFO - [2021-11-29 22:10:27,578] {dag.py:2396} INFO - Sync 1 DAGs
[2021-11-29 22:10:27,604] {logging_mixin.py:109} INFO - [2021-11-29 22:10:27,604] {dag.py:2928} INFO - Setting next_dagrun for example_branch_datetime_operator_2 to 2021-11-28 00:00:00+00:00
[2021-11-29 22:10:27,623] {processor.py:171} INFO - Processing /home/airflow/.local/lib/python3.7/site-packages/airflow/example_dags/example_branch_datetime_operator.py took 0.109 seconds
