[2021-11-29 22:09:08,925] {processor.py:163} INFO - Started process (PID=185) to work on /home/airflow/.local/lib/python3.7/site-packages/airflow/example_dags/example_branch_operator.py
[2021-11-29 22:09:08,926] {processor.py:625} INFO - Processing file /home/airflow/.local/lib/python3.7/site-packages/airflow/example_dags/example_branch_operator.py for tasks to queue
[2021-11-29 22:09:08,927] {logging_mixin.py:109} INFO - [2021-11-29 22:09:08,927] {dagbag.py:500} INFO - Filling up the DagBag from /home/airflow/.local/lib/python3.7/site-packages/airflow/example_dags/example_branch_operator.py
[2021-11-29 22:09:08,955] {processor.py:637} INFO - DAG(s) dict_keys(['example_branch_operator']) retrieved from /home/airflow/.local/lib/python3.7/site-packages/airflow/example_dags/example_branch_operator.py
[2021-11-29 22:09:10,323] {logging_mixin.py:109} INFO - [2021-11-29 22:09:10,323] {providers_manager.py:156} WARNING - Exception when importing 'airflow.providers.google.leveldb.hooks.leveldb.LevelDBHook' from 'apache-airflow-providers-google' package: No module named 'plyvel'
[2021-11-29 22:09:10,799] {logging_mixin.py:109} INFO - [2021-11-29 22:09:10,799] {providers_manager.py:156} WARNING - Exception when importing 'airflow.providers.google.leveldb.hooks.leveldb.LevelDBHook' from 'apache-airflow-providers-google' package: No module named 'plyvel'
[2021-11-29 22:09:10,848] {logging_mixin.py:109} INFO - [2021-11-29 22:09:10,847] {manager.py:496} INFO - Created Permission View: can edit on DAG:example_branch_operator
[2021-11-29 22:09:10,871] {logging_mixin.py:109} INFO - [2021-11-29 22:09:10,871] {manager.py:496} INFO - Created Permission View: can read on DAG:example_branch_operator
[2021-11-29 22:09:10,871] {logging_mixin.py:109} INFO - [2021-11-29 22:09:10,871] {dag.py:2396} INFO - Sync 1 DAGs
[2021-11-29 22:09:10,879] {logging_mixin.py:109} INFO - [2021-11-29 22:09:10,879] {dag.py:2415} INFO - Creating ORM DAG for example_branch_operator
[2021-11-29 22:09:10,890] {logging_mixin.py:109} INFO - [2021-11-29 22:09:10,890] {dag.py:2928} INFO - Setting next_dagrun for example_branch_operator to 2021-11-28 00:00:00+00:00
[2021-11-29 22:09:10,913] {processor.py:171} INFO - Processing /home/airflow/.local/lib/python3.7/site-packages/airflow/example_dags/example_branch_operator.py took 1.990 seconds
[2021-11-29 22:09:41,555] {processor.py:163} INFO - Started process (PID=273) to work on /home/airflow/.local/lib/python3.7/site-packages/airflow/example_dags/example_branch_operator.py
[2021-11-29 22:09:41,556] {processor.py:625} INFO - Processing file /home/airflow/.local/lib/python3.7/site-packages/airflow/example_dags/example_branch_operator.py for tasks to queue
[2021-11-29 22:09:41,557] {logging_mixin.py:109} INFO - [2021-11-29 22:09:41,557] {dagbag.py:500} INFO - Filling up the DagBag from /home/airflow/.local/lib/python3.7/site-packages/airflow/example_dags/example_branch_operator.py
[2021-11-29 22:09:41,596] {processor.py:637} INFO - DAG(s) dict_keys(['example_branch_operator']) retrieved from /home/airflow/.local/lib/python3.7/site-packages/airflow/example_dags/example_branch_operator.py
[2021-11-29 22:09:41,609] {logging_mixin.py:109} INFO - [2021-11-29 22:09:41,609] {dag.py:2396} INFO - Sync 1 DAGs
[2021-11-29 22:09:41,630] {logging_mixin.py:109} INFO - [2021-11-29 22:09:41,629] {dag.py:2928} INFO - Setting next_dagrun for example_branch_operator to 2021-11-28 00:00:00+00:00
[2021-11-29 22:09:41,652] {processor.py:171} INFO - Processing /home/airflow/.local/lib/python3.7/site-packages/airflow/example_dags/example_branch_operator.py took 0.102 seconds
[2021-11-29 22:10:12,107] {processor.py:163} INFO - Started process (PID=324) to work on /home/airflow/.local/lib/python3.7/site-packages/airflow/example_dags/example_branch_operator.py
[2021-11-29 22:10:12,108] {processor.py:625} INFO - Processing file /home/airflow/.local/lib/python3.7/site-packages/airflow/example_dags/example_branch_operator.py for tasks to queue
[2021-11-29 22:10:12,109] {logging_mixin.py:109} INFO - [2021-11-29 22:10:12,109] {dagbag.py:500} INFO - Filling up the DagBag from /home/airflow/.local/lib/python3.7/site-packages/airflow/example_dags/example_branch_operator.py
[2021-11-29 22:10:12,143] {processor.py:637} INFO - DAG(s) dict_keys(['example_branch_operator']) retrieved from /home/airflow/.local/lib/python3.7/site-packages/airflow/example_dags/example_branch_operator.py
[2021-11-29 22:10:12,157] {logging_mixin.py:109} INFO - [2021-11-29 22:10:12,157] {dag.py:2396} INFO - Sync 1 DAGs
[2021-11-29 22:10:12,186] {logging_mixin.py:109} INFO - [2021-11-29 22:10:12,186] {dag.py:2928} INFO - Setting next_dagrun for example_branch_operator to 2021-11-28 00:00:00+00:00
[2021-11-29 22:10:12,208] {processor.py:171} INFO - Processing /home/airflow/.local/lib/python3.7/site-packages/airflow/example_dags/example_branch_operator.py took 0.103 seconds
