[2021-11-29 22:08:58,838] {processor.py:163} INFO - Started process (PID=137) to work on /home/airflow/.local/lib/python3.7/site-packages/airflow/example_dags/example_external_task_marker_dag.py
[2021-11-29 22:08:58,840] {processor.py:625} INFO - Processing file /home/airflow/.local/lib/python3.7/site-packages/airflow/example_dags/example_external_task_marker_dag.py for tasks to queue
[2021-11-29 22:08:58,841] {logging_mixin.py:109} INFO - [2021-11-29 22:08:58,840] {dagbag.py:500} INFO - Filling up the DagBag from /home/airflow/.local/lib/python3.7/site-packages/airflow/example_dags/example_external_task_marker_dag.py
[2021-11-29 22:08:58,878] {processor.py:637} INFO - DAG(s) dict_keys(['example_external_task_marker_parent', 'example_external_task_marker_child']) retrieved from /home/airflow/.local/lib/python3.7/site-packages/airflow/example_dags/example_external_task_marker_dag.py
[2021-11-29 22:09:00,661] {logging_mixin.py:109} INFO - [2021-11-29 22:09:00,660] {providers_manager.py:156} WARNING - Exception when importing 'airflow.providers.google.leveldb.hooks.leveldb.LevelDBHook' from 'apache-airflow-providers-google' package: No module named 'plyvel'
[2021-11-29 22:09:01,052] {logging_mixin.py:109} INFO - [2021-11-29 22:09:01,052] {providers_manager.py:156} WARNING - Exception when importing 'airflow.providers.google.leveldb.hooks.leveldb.LevelDBHook' from 'apache-airflow-providers-google' package: No module named 'plyvel'
[2021-11-29 22:09:01,092] {logging_mixin.py:109} INFO - [2021-11-29 22:09:01,092] {manager.py:496} INFO - Created Permission View: can edit on DAG:example_external_task_marker_parent
[2021-11-29 22:09:01,114] {logging_mixin.py:109} INFO - [2021-11-29 22:09:01,113] {manager.py:496} INFO - Created Permission View: can read on DAG:example_external_task_marker_parent
[2021-11-29 22:09:01,169] {logging_mixin.py:109} INFO - [2021-11-29 22:09:01,168] {manager.py:496} INFO - Created Permission View: can edit on DAG:example_external_task_marker_child
[2021-11-29 22:09:01,192] {logging_mixin.py:109} INFO - [2021-11-29 22:09:01,192] {manager.py:496} INFO - Created Permission View: can read on DAG:example_external_task_marker_child
[2021-11-29 22:09:01,193] {logging_mixin.py:109} INFO - [2021-11-29 22:09:01,193] {dag.py:2396} INFO - Sync 2 DAGs
[2021-11-29 22:09:01,209] {logging_mixin.py:109} INFO - [2021-11-29 22:09:01,208] {dag.py:2415} INFO - Creating ORM DAG for example_external_task_marker_parent
[2021-11-29 22:09:01,210] {logging_mixin.py:109} INFO - [2021-11-29 22:09:01,210] {dag.py:2415} INFO - Creating ORM DAG for example_external_task_marker_child
[2021-11-29 22:09:01,227] {logging_mixin.py:109} INFO - [2021-11-29 22:09:01,227] {dag.py:2928} INFO - Setting next_dagrun for example_external_task_marker_child to None
[2021-11-29 22:09:01,228] {logging_mixin.py:109} INFO - [2021-11-29 22:09:01,228] {dag.py:2928} INFO - Setting next_dagrun for example_external_task_marker_parent to None
[2021-11-29 22:09:01,248] {processor.py:171} INFO - Processing /home/airflow/.local/lib/python3.7/site-packages/airflow/example_dags/example_external_task_marker_dag.py took 2.413 seconds
[2021-11-29 22:09:31,991] {processor.py:163} INFO - Started process (PID=256) to work on /home/airflow/.local/lib/python3.7/site-packages/airflow/example_dags/example_external_task_marker_dag.py
[2021-11-29 22:09:31,993] {processor.py:625} INFO - Processing file /home/airflow/.local/lib/python3.7/site-packages/airflow/example_dags/example_external_task_marker_dag.py for tasks to queue
[2021-11-29 22:09:31,993] {logging_mixin.py:109} INFO - [2021-11-29 22:09:31,993] {dagbag.py:500} INFO - Filling up the DagBag from /home/airflow/.local/lib/python3.7/site-packages/airflow/example_dags/example_external_task_marker_dag.py
[2021-11-29 22:09:32,071] {processor.py:637} INFO - DAG(s) dict_keys(['example_external_task_marker_parent', 'example_external_task_marker_child']) retrieved from /home/airflow/.local/lib/python3.7/site-packages/airflow/example_dags/example_external_task_marker_dag.py
[2021-11-29 22:09:32,095] {logging_mixin.py:109} INFO - [2021-11-29 22:09:32,095] {dag.py:2396} INFO - Sync 2 DAGs
[2021-11-29 22:09:32,116] {logging_mixin.py:109} INFO - [2021-11-29 22:09:32,116] {dag.py:2928} INFO - Setting next_dagrun for example_external_task_marker_child to None
[2021-11-29 22:09:32,117] {logging_mixin.py:109} INFO - [2021-11-29 22:09:32,117] {dag.py:2928} INFO - Setting next_dagrun for example_external_task_marker_parent to None
[2021-11-29 22:09:32,148] {processor.py:171} INFO - Processing /home/airflow/.local/lib/python3.7/site-packages/airflow/example_dags/example_external_task_marker_dag.py took 0.162 seconds
[2021-11-29 22:10:02,516] {processor.py:163} INFO - Started process (PID=317) to work on /home/airflow/.local/lib/python3.7/site-packages/airflow/example_dags/example_external_task_marker_dag.py
[2021-11-29 22:10:02,517] {processor.py:625} INFO - Processing file /home/airflow/.local/lib/python3.7/site-packages/airflow/example_dags/example_external_task_marker_dag.py for tasks to queue
[2021-11-29 22:10:02,518] {logging_mixin.py:109} INFO - [2021-11-29 22:10:02,518] {dagbag.py:500} INFO - Filling up the DagBag from /home/airflow/.local/lib/python3.7/site-packages/airflow/example_dags/example_external_task_marker_dag.py
[2021-11-29 22:10:02,577] {processor.py:637} INFO - DAG(s) dict_keys(['example_external_task_marker_parent', 'example_external_task_marker_child']) retrieved from /home/airflow/.local/lib/python3.7/site-packages/airflow/example_dags/example_external_task_marker_dag.py
[2021-11-29 22:10:02,597] {logging_mixin.py:109} INFO - [2021-11-29 22:10:02,597] {dag.py:2396} INFO - Sync 2 DAGs
[2021-11-29 22:10:02,633] {logging_mixin.py:109} INFO - [2021-11-29 22:10:02,633] {dag.py:2928} INFO - Setting next_dagrun for example_external_task_marker_child to None
[2021-11-29 22:10:02,633] {logging_mixin.py:109} INFO - [2021-11-29 22:10:02,633] {dag.py:2928} INFO - Setting next_dagrun for example_external_task_marker_parent to None
[2021-11-29 22:10:02,658] {processor.py:171} INFO - Processing /home/airflow/.local/lib/python3.7/site-packages/airflow/example_dags/example_external_task_marker_dag.py took 0.145 seconds
