[2021-11-29 22:09:04,006] {processor.py:163} INFO - Started process (PID=157) to work on /home/airflow/.local/lib/python3.7/site-packages/airflow/example_dags/tutorial_taskflow_api_etl.py
[2021-11-29 22:09:04,007] {processor.py:625} INFO - Processing file /home/airflow/.local/lib/python3.7/site-packages/airflow/example_dags/tutorial_taskflow_api_etl.py for tasks to queue
[2021-11-29 22:09:04,008] {logging_mixin.py:109} INFO - [2021-11-29 22:09:04,008] {dagbag.py:500} INFO - Filling up the DagBag from /home/airflow/.local/lib/python3.7/site-packages/airflow/example_dags/tutorial_taskflow_api_etl.py
[2021-11-29 22:09:04,046] {processor.py:637} INFO - DAG(s) dict_keys(['tutorial_taskflow_api_etl']) retrieved from /home/airflow/.local/lib/python3.7/site-packages/airflow/example_dags/tutorial_taskflow_api_etl.py
[2021-11-29 22:09:06,171] {logging_mixin.py:109} INFO - [2021-11-29 22:09:06,171] {providers_manager.py:156} WARNING - Exception when importing 'airflow.providers.google.leveldb.hooks.leveldb.LevelDBHook' from 'apache-airflow-providers-google' package: No module named 'plyvel'
[2021-11-29 22:09:06,539] {logging_mixin.py:109} INFO - [2021-11-29 22:09:06,539] {providers_manager.py:156} WARNING - Exception when importing 'airflow.providers.google.leveldb.hooks.leveldb.LevelDBHook' from 'apache-airflow-providers-google' package: No module named 'plyvel'
[2021-11-29 22:09:06,579] {logging_mixin.py:109} INFO - [2021-11-29 22:09:06,579] {manager.py:496} INFO - Created Permission View: can edit on DAG:tutorial_taskflow_api_etl
[2021-11-29 22:09:06,595] {logging_mixin.py:109} INFO - [2021-11-29 22:09:06,595] {manager.py:496} INFO - Created Permission View: can read on DAG:tutorial_taskflow_api_etl
[2021-11-29 22:09:06,597] {logging_mixin.py:109} INFO - [2021-11-29 22:09:06,595] {dag.py:2396} INFO - Sync 1 DAGs
[2021-11-29 22:09:06,610] {logging_mixin.py:109} INFO - [2021-11-29 22:09:06,609] {dag.py:2415} INFO - Creating ORM DAG for tutorial_taskflow_api_etl
[2021-11-29 22:09:06,626] {logging_mixin.py:109} INFO - [2021-11-29 22:09:06,625] {dag.py:2928} INFO - Setting next_dagrun for tutorial_taskflow_api_etl to None
[2021-11-29 22:09:06,651] {processor.py:171} INFO - Processing /home/airflow/.local/lib/python3.7/site-packages/airflow/example_dags/tutorial_taskflow_api_etl.py took 2.648 seconds
[2021-11-29 22:09:37,265] {processor.py:163} INFO - Started process (PID=270) to work on /home/airflow/.local/lib/python3.7/site-packages/airflow/example_dags/tutorial_taskflow_api_etl.py
[2021-11-29 22:09:37,266] {processor.py:625} INFO - Processing file /home/airflow/.local/lib/python3.7/site-packages/airflow/example_dags/tutorial_taskflow_api_etl.py for tasks to queue
[2021-11-29 22:09:37,267] {logging_mixin.py:109} INFO - [2021-11-29 22:09:37,267] {dagbag.py:500} INFO - Filling up the DagBag from /home/airflow/.local/lib/python3.7/site-packages/airflow/example_dags/tutorial_taskflow_api_etl.py
[2021-11-29 22:09:37,303] {processor.py:637} INFO - DAG(s) dict_keys(['tutorial_taskflow_api_etl']) retrieved from /home/airflow/.local/lib/python3.7/site-packages/airflow/example_dags/tutorial_taskflow_api_etl.py
[2021-11-29 22:09:37,549] {logging_mixin.py:109} INFO - [2021-11-29 22:09:37,549] {dag.py:2396} INFO - Sync 1 DAGs
[2021-11-29 22:09:37,560] {logging_mixin.py:109} INFO - [2021-11-29 22:09:37,560] {dag.py:2928} INFO - Setting next_dagrun for tutorial_taskflow_api_etl to None
[2021-11-29 22:09:37,578] {processor.py:171} INFO - Processing /home/airflow/.local/lib/python3.7/site-packages/airflow/example_dags/tutorial_taskflow_api_etl.py took 0.317 seconds
[2021-11-29 22:10:07,842] {processor.py:163} INFO - Started process (PID=321) to work on /home/airflow/.local/lib/python3.7/site-packages/airflow/example_dags/tutorial_taskflow_api_etl.py
[2021-11-29 22:10:07,843] {processor.py:625} INFO - Processing file /home/airflow/.local/lib/python3.7/site-packages/airflow/example_dags/tutorial_taskflow_api_etl.py for tasks to queue
[2021-11-29 22:10:07,844] {logging_mixin.py:109} INFO - [2021-11-29 22:10:07,844] {dagbag.py:500} INFO - Filling up the DagBag from /home/airflow/.local/lib/python3.7/site-packages/airflow/example_dags/tutorial_taskflow_api_etl.py
[2021-11-29 22:10:07,893] {processor.py:637} INFO - DAG(s) dict_keys(['tutorial_taskflow_api_etl']) retrieved from /home/airflow/.local/lib/python3.7/site-packages/airflow/example_dags/tutorial_taskflow_api_etl.py
[2021-11-29 22:10:08,197] {logging_mixin.py:109} INFO - [2021-11-29 22:10:08,196] {dag.py:2396} INFO - Sync 1 DAGs
[2021-11-29 22:10:08,208] {logging_mixin.py:109} INFO - [2021-11-29 22:10:08,208] {dag.py:2928} INFO - Setting next_dagrun for tutorial_taskflow_api_etl to None
[2021-11-29 22:10:08,227] {processor.py:171} INFO - Processing /home/airflow/.local/lib/python3.7/site-packages/airflow/example_dags/tutorial_taskflow_api_etl.py took 0.389 seconds
