[2021-11-29 22:09:15,782] {processor.py:163} INFO - Started process (PID=216) to work on /home/airflow/.local/lib/python3.7/site-packages/airflow/example_dags/tutorial_etl_dag.py
[2021-11-29 22:09:15,783] {processor.py:625} INFO - Processing file /home/airflow/.local/lib/python3.7/site-packages/airflow/example_dags/tutorial_etl_dag.py for tasks to queue
[2021-11-29 22:09:15,784] {logging_mixin.py:109} INFO - [2021-11-29 22:09:15,784] {dagbag.py:500} INFO - Filling up the DagBag from /home/airflow/.local/lib/python3.7/site-packages/airflow/example_dags/tutorial_etl_dag.py
[2021-11-29 22:09:15,822] {processor.py:637} INFO - DAG(s) dict_keys(['tutorial_etl_dag']) retrieved from /home/airflow/.local/lib/python3.7/site-packages/airflow/example_dags/tutorial_etl_dag.py
[2021-11-29 22:09:20,000] {logging_mixin.py:109} INFO - [2021-11-29 22:09:20,000] {providers_manager.py:156} WARNING - Exception when importing 'airflow.providers.google.leveldb.hooks.leveldb.LevelDBHook' from 'apache-airflow-providers-google' package: No module named 'plyvel'
[2021-11-29 22:09:20,668] {logging_mixin.py:109} INFO - [2021-11-29 22:09:20,668] {providers_manager.py:156} WARNING - Exception when importing 'airflow.providers.google.leveldb.hooks.leveldb.LevelDBHook' from 'apache-airflow-providers-google' package: No module named 'plyvel'
[2021-11-29 22:09:20,735] {logging_mixin.py:109} INFO - [2021-11-29 22:09:20,735] {manager.py:496} INFO - Created Permission View: can edit on DAG:tutorial_etl_dag
[2021-11-29 22:09:20,758] {logging_mixin.py:109} INFO - [2021-11-29 22:09:20,758] {manager.py:496} INFO - Created Permission View: can read on DAG:tutorial_etl_dag
[2021-11-29 22:09:20,758] {logging_mixin.py:109} INFO - [2021-11-29 22:09:20,758] {dag.py:2396} INFO - Sync 1 DAGs
[2021-11-29 22:09:20,777] {logging_mixin.py:109} INFO - [2021-11-29 22:09:20,776] {dag.py:2415} INFO - Creating ORM DAG for tutorial_etl_dag
[2021-11-29 22:09:20,786] {logging_mixin.py:109} INFO - [2021-11-29 22:09:20,786] {dag.py:2928} INFO - Setting next_dagrun for tutorial_etl_dag to None
[2021-11-29 22:09:20,813] {processor.py:171} INFO - Processing /home/airflow/.local/lib/python3.7/site-packages/airflow/example_dags/tutorial_etl_dag.py took 5.034 seconds
[2021-11-29 22:09:51,060] {processor.py:163} INFO - Started process (PID=289) to work on /home/airflow/.local/lib/python3.7/site-packages/airflow/example_dags/tutorial_etl_dag.py
[2021-11-29 22:09:51,066] {processor.py:625} INFO - Processing file /home/airflow/.local/lib/python3.7/site-packages/airflow/example_dags/tutorial_etl_dag.py for tasks to queue
[2021-11-29 22:09:51,066] {logging_mixin.py:109} INFO - [2021-11-29 22:09:51,066] {dagbag.py:500} INFO - Filling up the DagBag from /home/airflow/.local/lib/python3.7/site-packages/airflow/example_dags/tutorial_etl_dag.py
[2021-11-29 22:09:51,121] {processor.py:637} INFO - DAG(s) dict_keys(['tutorial_etl_dag']) retrieved from /home/airflow/.local/lib/python3.7/site-packages/airflow/example_dags/tutorial_etl_dag.py
[2021-11-29 22:09:51,143] {logging_mixin.py:109} INFO - [2021-11-29 22:09:51,143] {dag.py:2396} INFO - Sync 1 DAGs
[2021-11-29 22:09:51,174] {logging_mixin.py:109} INFO - [2021-11-29 22:09:51,174] {dag.py:2928} INFO - Setting next_dagrun for tutorial_etl_dag to None
[2021-11-29 22:09:51,204] {processor.py:171} INFO - Processing /home/airflow/.local/lib/python3.7/site-packages/airflow/example_dags/tutorial_etl_dag.py took 0.149 seconds
[2021-11-29 22:10:21,599] {processor.py:163} INFO - Started process (PID=341) to work on /home/airflow/.local/lib/python3.7/site-packages/airflow/example_dags/tutorial_etl_dag.py
[2021-11-29 22:10:21,600] {processor.py:625} INFO - Processing file /home/airflow/.local/lib/python3.7/site-packages/airflow/example_dags/tutorial_etl_dag.py for tasks to queue
[2021-11-29 22:10:21,601] {logging_mixin.py:109} INFO - [2021-11-29 22:10:21,601] {dagbag.py:500} INFO - Filling up the DagBag from /home/airflow/.local/lib/python3.7/site-packages/airflow/example_dags/tutorial_etl_dag.py
[2021-11-29 22:10:21,624] {processor.py:637} INFO - DAG(s) dict_keys(['tutorial_etl_dag']) retrieved from /home/airflow/.local/lib/python3.7/site-packages/airflow/example_dags/tutorial_etl_dag.py
[2021-11-29 22:10:21,635] {logging_mixin.py:109} INFO - [2021-11-29 22:10:21,635] {dag.py:2396} INFO - Sync 1 DAGs
[2021-11-29 22:10:21,653] {logging_mixin.py:109} INFO - [2021-11-29 22:10:21,653] {dag.py:2928} INFO - Setting next_dagrun for tutorial_etl_dag to None
[2021-11-29 22:10:21,670] {processor.py:171} INFO - Processing /home/airflow/.local/lib/python3.7/site-packages/airflow/example_dags/tutorial_etl_dag.py took 0.073 seconds
