[2021-11-29 22:08:39,729] {processor.py:163} INFO - Started process (PID=78) to work on /home/airflow/.local/lib/python3.7/site-packages/airflow/example_dags/tutorial_taskflow_api_etl_virtualenv.py
[2021-11-29 22:08:39,730] {processor.py:625} INFO - Processing file /home/airflow/.local/lib/python3.7/site-packages/airflow/example_dags/tutorial_taskflow_api_etl_virtualenv.py for tasks to queue
[2021-11-29 22:08:39,731] {logging_mixin.py:109} INFO - [2021-11-29 22:08:39,731] {dagbag.py:500} INFO - Filling up the DagBag from /home/airflow/.local/lib/python3.7/site-packages/airflow/example_dags/tutorial_taskflow_api_etl_virtualenv.py
[2021-11-29 22:08:39,838] {processor.py:637} INFO - DAG(s) dict_keys(['tutorial_taskflow_api_etl_virtualenv']) retrieved from /home/airflow/.local/lib/python3.7/site-packages/airflow/example_dags/tutorial_taskflow_api_etl_virtualenv.py
[2021-11-29 22:08:42,269] {logging_mixin.py:109} INFO - [2021-11-29 22:08:42,268] {providers_manager.py:156} WARNING - Exception when importing 'airflow.providers.google.leveldb.hooks.leveldb.LevelDBHook' from 'apache-airflow-providers-google' package: No module named 'plyvel'
[2021-11-29 22:08:42,948] {logging_mixin.py:109} INFO - [2021-11-29 22:08:42,948] {providers_manager.py:156} WARNING - Exception when importing 'airflow.providers.google.leveldb.hooks.leveldb.LevelDBHook' from 'apache-airflow-providers-google' package: No module named 'plyvel'
[2021-11-29 22:08:43,020] {logging_mixin.py:109} INFO - [2021-11-29 22:08:43,020] {manager.py:496} INFO - Created Permission View: can edit on DAG:tutorial_taskflow_api_etl_virtualenv
[2021-11-29 22:08:43,081] {logging_mixin.py:109} INFO - [2021-11-29 22:08:43,081] {manager.py:496} INFO - Created Permission View: can read on DAG:tutorial_taskflow_api_etl_virtualenv
[2021-11-29 22:08:43,082] {logging_mixin.py:109} INFO - [2021-11-29 22:08:43,081] {dag.py:2396} INFO - Sync 1 DAGs
[2021-11-29 22:08:43,119] {logging_mixin.py:109} INFO - [2021-11-29 22:08:43,109] {dag.py:2415} INFO - Creating ORM DAG for tutorial_taskflow_api_etl_virtualenv
[2021-11-29 22:08:43,135] {logging_mixin.py:109} INFO - [2021-11-29 22:08:43,134] {dag.py:2928} INFO - Setting next_dagrun for tutorial_taskflow_api_etl_virtualenv to None
[2021-11-29 22:08:43,161] {processor.py:171} INFO - Processing /home/airflow/.local/lib/python3.7/site-packages/airflow/example_dags/tutorial_taskflow_api_etl_virtualenv.py took 3.441 seconds
[2021-11-29 22:09:22,080] {processor.py:163} INFO - Started process (PID=245) to work on /home/airflow/.local/lib/python3.7/site-packages/airflow/example_dags/tutorial_taskflow_api_etl_virtualenv.py
[2021-11-29 22:09:22,084] {processor.py:625} INFO - Processing file /home/airflow/.local/lib/python3.7/site-packages/airflow/example_dags/tutorial_taskflow_api_etl_virtualenv.py for tasks to queue
[2021-11-29 22:09:22,086] {logging_mixin.py:109} INFO - [2021-11-29 22:09:22,086] {dagbag.py:500} INFO - Filling up the DagBag from /home/airflow/.local/lib/python3.7/site-packages/airflow/example_dags/tutorial_taskflow_api_etl_virtualenv.py
[2021-11-29 22:09:22,127] {processor.py:637} INFO - DAG(s) dict_keys(['tutorial_taskflow_api_etl_virtualenv']) retrieved from /home/airflow/.local/lib/python3.7/site-packages/airflow/example_dags/tutorial_taskflow_api_etl_virtualenv.py
[2021-11-29 22:09:22,715] {logging_mixin.py:109} INFO - [2021-11-29 22:09:22,714] {dag.py:2396} INFO - Sync 1 DAGs
[2021-11-29 22:09:22,779] {logging_mixin.py:109} INFO - [2021-11-29 22:09:22,779] {dag.py:2928} INFO - Setting next_dagrun for tutorial_taskflow_api_etl_virtualenv to None
[2021-11-29 22:09:22,820] {processor.py:171} INFO - Processing /home/airflow/.local/lib/python3.7/site-packages/airflow/example_dags/tutorial_taskflow_api_etl_virtualenv.py took 0.748 seconds
[2021-11-29 22:09:53,547] {processor.py:163} INFO - Started process (PID=297) to work on /home/airflow/.local/lib/python3.7/site-packages/airflow/example_dags/tutorial_taskflow_api_etl_virtualenv.py
[2021-11-29 22:09:53,548] {processor.py:625} INFO - Processing file /home/airflow/.local/lib/python3.7/site-packages/airflow/example_dags/tutorial_taskflow_api_etl_virtualenv.py for tasks to queue
[2021-11-29 22:09:53,548] {logging_mixin.py:109} INFO - [2021-11-29 22:09:53,548] {dagbag.py:500} INFO - Filling up the DagBag from /home/airflow/.local/lib/python3.7/site-packages/airflow/example_dags/tutorial_taskflow_api_etl_virtualenv.py
[2021-11-29 22:09:53,591] {processor.py:637} INFO - DAG(s) dict_keys(['tutorial_taskflow_api_etl_virtualenv']) retrieved from /home/airflow/.local/lib/python3.7/site-packages/airflow/example_dags/tutorial_taskflow_api_etl_virtualenv.py
[2021-11-29 22:09:53,861] {logging_mixin.py:109} INFO - [2021-11-29 22:09:53,861] {dag.py:2396} INFO - Sync 1 DAGs
[2021-11-29 22:09:53,875] {logging_mixin.py:109} INFO - [2021-11-29 22:09:53,875] {dag.py:2928} INFO - Setting next_dagrun for tutorial_taskflow_api_etl_virtualenv to None
[2021-11-29 22:09:53,891] {processor.py:171} INFO - Processing /home/airflow/.local/lib/python3.7/site-packages/airflow/example_dags/tutorial_taskflow_api_etl_virtualenv.py took 0.347 seconds
[2021-11-29 22:10:23,998] {processor.py:163} INFO - Started process (PID=348) to work on /home/airflow/.local/lib/python3.7/site-packages/airflow/example_dags/tutorial_taskflow_api_etl_virtualenv.py
[2021-11-29 22:10:23,999] {processor.py:625} INFO - Processing file /home/airflow/.local/lib/python3.7/site-packages/airflow/example_dags/tutorial_taskflow_api_etl_virtualenv.py for tasks to queue
[2021-11-29 22:10:24,000] {logging_mixin.py:109} INFO - [2021-11-29 22:10:24,000] {dagbag.py:500} INFO - Filling up the DagBag from /home/airflow/.local/lib/python3.7/site-packages/airflow/example_dags/tutorial_taskflow_api_etl_virtualenv.py
[2021-11-29 22:10:24,026] {processor.py:637} INFO - DAG(s) dict_keys(['tutorial_taskflow_api_etl_virtualenv']) retrieved from /home/airflow/.local/lib/python3.7/site-packages/airflow/example_dags/tutorial_taskflow_api_etl_virtualenv.py
[2021-11-29 22:10:24,259] {logging_mixin.py:109} INFO - [2021-11-29 22:10:24,259] {dag.py:2396} INFO - Sync 1 DAGs
[2021-11-29 22:10:24,271] {logging_mixin.py:109} INFO - [2021-11-29 22:10:24,271] {dag.py:2928} INFO - Setting next_dagrun for tutorial_taskflow_api_etl_virtualenv to None
[2021-11-29 22:10:24,287] {processor.py:171} INFO - Processing /home/airflow/.local/lib/python3.7/site-packages/airflow/example_dags/tutorial_taskflow_api_etl_virtualenv.py took 0.291 seconds
