[2021-11-29 22:08:35,492] {processor.py:163} INFO - Started process (PID=68) to work on /home/airflow/.local/lib/python3.7/site-packages/airflow/example_dags/tutorial.py
[2021-11-29 22:08:35,494] {processor.py:625} INFO - Processing file /home/airflow/.local/lib/python3.7/site-packages/airflow/example_dags/tutorial.py for tasks to queue
[2021-11-29 22:08:35,496] {logging_mixin.py:109} INFO - [2021-11-29 22:08:35,496] {dagbag.py:500} INFO - Filling up the DagBag from /home/airflow/.local/lib/python3.7/site-packages/airflow/example_dags/tutorial.py
[2021-11-29 22:08:35,569] {processor.py:637} INFO - DAG(s) dict_keys(['tutorial']) retrieved from /home/airflow/.local/lib/python3.7/site-packages/airflow/example_dags/tutorial.py
[2021-11-29 22:08:38,798] {logging_mixin.py:109} INFO - [2021-11-29 22:08:38,797] {providers_manager.py:156} WARNING - Exception when importing 'airflow.providers.google.leveldb.hooks.leveldb.LevelDBHook' from 'apache-airflow-providers-google' package: No module named 'plyvel'
[2021-11-29 22:08:39,464] {logging_mixin.py:109} INFO - [2021-11-29 22:08:39,464] {providers_manager.py:156} WARNING - Exception when importing 'airflow.providers.google.leveldb.hooks.leveldb.LevelDBHook' from 'apache-airflow-providers-google' package: No module named 'plyvel'
[2021-11-29 22:08:39,509] {logging_mixin.py:109} INFO - [2021-11-29 22:08:39,509] {manager.py:496} INFO - Created Permission View: can edit on DAG:tutorial
[2021-11-29 22:08:39,544] {logging_mixin.py:109} INFO - [2021-11-29 22:08:39,544] {manager.py:496} INFO - Created Permission View: can read on DAG:tutorial
[2021-11-29 22:08:39,545] {logging_mixin.py:109} INFO - [2021-11-29 22:08:39,544] {dag.py:2396} INFO - Sync 1 DAGs
[2021-11-29 22:08:39,559] {logging_mixin.py:109} INFO - [2021-11-29 22:08:39,559] {dag.py:2415} INFO - Creating ORM DAG for tutorial
[2021-11-29 22:08:39,577] {logging_mixin.py:109} INFO - [2021-11-29 22:08:39,577] {dag.py:2928} INFO - Setting next_dagrun for tutorial to 2021-11-28T22:08:39.577140+00:00
[2021-11-29 22:08:39,620] {processor.py:171} INFO - Processing /home/airflow/.local/lib/python3.7/site-packages/airflow/example_dags/tutorial.py took 4.135 seconds
[2021-11-29 22:09:21,715] {processor.py:163} INFO - Started process (PID=243) to work on /home/airflow/.local/lib/python3.7/site-packages/airflow/example_dags/tutorial.py
[2021-11-29 22:09:21,720] {processor.py:625} INFO - Processing file /home/airflow/.local/lib/python3.7/site-packages/airflow/example_dags/tutorial.py for tasks to queue
[2021-11-29 22:09:21,724] {logging_mixin.py:109} INFO - [2021-11-29 22:09:21,724] {dagbag.py:500} INFO - Filling up the DagBag from /home/airflow/.local/lib/python3.7/site-packages/airflow/example_dags/tutorial.py
[2021-11-29 22:09:21,762] {processor.py:637} INFO - DAG(s) dict_keys(['tutorial']) retrieved from /home/airflow/.local/lib/python3.7/site-packages/airflow/example_dags/tutorial.py
[2021-11-29 22:09:21,791] {logging_mixin.py:109} INFO - [2021-11-29 22:09:21,790] {dag.py:2396} INFO - Sync 1 DAGs
[2021-11-29 22:09:21,825] {logging_mixin.py:109} INFO - [2021-11-29 22:09:21,824] {dag.py:2928} INFO - Setting next_dagrun for tutorial to 2021-11-28T22:09:21.824456+00:00
[2021-11-29 22:09:21,857] {processor.py:171} INFO - Processing /home/airflow/.local/lib/python3.7/site-packages/airflow/example_dags/tutorial.py took 0.145 seconds
[2021-11-29 22:09:52,427] {processor.py:163} INFO - Started process (PID=295) to work on /home/airflow/.local/lib/python3.7/site-packages/airflow/example_dags/tutorial.py
[2021-11-29 22:09:52,428] {processor.py:625} INFO - Processing file /home/airflow/.local/lib/python3.7/site-packages/airflow/example_dags/tutorial.py for tasks to queue
[2021-11-29 22:09:52,428] {logging_mixin.py:109} INFO - [2021-11-29 22:09:52,428] {dagbag.py:500} INFO - Filling up the DagBag from /home/airflow/.local/lib/python3.7/site-packages/airflow/example_dags/tutorial.py
[2021-11-29 22:09:52,464] {processor.py:637} INFO - DAG(s) dict_keys(['tutorial']) retrieved from /home/airflow/.local/lib/python3.7/site-packages/airflow/example_dags/tutorial.py
[2021-11-29 22:09:52,476] {logging_mixin.py:109} INFO - [2021-11-29 22:09:52,476] {dag.py:2396} INFO - Sync 1 DAGs
[2021-11-29 22:09:52,496] {logging_mixin.py:109} INFO - [2021-11-29 22:09:52,496] {dag.py:2928} INFO - Setting next_dagrun for tutorial to 2021-11-28T22:09:52.496220+00:00
[2021-11-29 22:09:52,518] {processor.py:171} INFO - Processing /home/airflow/.local/lib/python3.7/site-packages/airflow/example_dags/tutorial.py took 0.094 seconds
[2021-11-29 22:10:22,872] {processor.py:163} INFO - Started process (PID=346) to work on /home/airflow/.local/lib/python3.7/site-packages/airflow/example_dags/tutorial.py
[2021-11-29 22:10:22,874] {processor.py:625} INFO - Processing file /home/airflow/.local/lib/python3.7/site-packages/airflow/example_dags/tutorial.py for tasks to queue
[2021-11-29 22:10:22,874] {logging_mixin.py:109} INFO - [2021-11-29 22:10:22,874] {dagbag.py:500} INFO - Filling up the DagBag from /home/airflow/.local/lib/python3.7/site-packages/airflow/example_dags/tutorial.py
[2021-11-29 22:10:22,912] {processor.py:637} INFO - DAG(s) dict_keys(['tutorial']) retrieved from /home/airflow/.local/lib/python3.7/site-packages/airflow/example_dags/tutorial.py
[2021-11-29 22:10:22,934] {logging_mixin.py:109} INFO - [2021-11-29 22:10:22,934] {dag.py:2396} INFO - Sync 1 DAGs
[2021-11-29 22:10:22,962] {logging_mixin.py:109} INFO - [2021-11-29 22:10:22,962] {dag.py:2928} INFO - Setting next_dagrun for tutorial to 2021-11-28T22:10:22.961891+00:00
[2021-11-29 22:10:22,982] {processor.py:171} INFO - Processing /home/airflow/.local/lib/python3.7/site-packages/airflow/example_dags/tutorial.py took 0.113 seconds
